[2022-06-19 16:42:58.856] [renderer1] [critical] Extension 'GitHub.vscode-pull-request-github CANNOT USE these API proposals 'tokenInformation, commentsResolvedState'. You MUST start in extension development mode or use the --enable-proposed-api command line flag
[2022-06-19 16:42:58.857] [renderer1] [critical] Extension 'ms-python.python CANNOT USE these API proposals 'quickPickSortByLabel, testObserver, notebookEditor'. You MUST start in extension development mode or use the --enable-proposed-api command line flag
[2022-06-19 16:42:58.857] [renderer1] [critical] Extension 'ms-toolsai.jupyter CANNOT USE these API proposals 'notebookControllerKind, notebookWorkspaceEdit, notebookDebugOptions, notebookDeprecated, notebookEditor, notebookEditorDecorationType, notebookMessaging, notebookMime, notebookCellExecutionState, portsAttributes, quickPickSortByLabel'. You MUST start in extension development mode or use the --enable-proposed-api command line flag
[2022-06-19 16:42:58.895] [renderer1] [info] [GitHub.vscode-pull-request-github]: `remoteHub/pullRequest` is not a valid menu identifier
[2022-06-19 16:45:02.271] [renderer1] [info] [GitHub.vscode-pull-request-github]: `remoteHub/pullRequest` is not a valid menu identifier
[2022-06-19 16:45:09.903] [renderer1] [error] Extension 'GitHub.vscode-pull-request-github' CANNOT use API proposal: tokenInformation.
Its package.json#enabledApiProposals-property declares:  but NOT tokenInformation.
 The missing proposal MUST be added and you must start in extension development mode or use the following command line switch: --enable-proposed-api GitHub.vscode-pull-request-github: Error: Extension 'GitHub.vscode-pull-request-github' CANNOT use API proposal: tokenInformation.
Its package.json#enabledApiProposals-property declares:  but NOT tokenInformation.
 The missing proposal MUST be added and you must start in extension development mode or use the following command line switch: --enable-proposed-api GitHub.vscode-pull-request-github
	at f (/usr/lib/code/out/vs/workbench/api/node/extensionHostProcess.js:81:65109)
	at Object.getTokenInformationAtPosition (/usr/lib/code/out/vs/workbench/api/node/extensionHostProcess.js:97:39173)
	at _u (/home/shatterstone/.vscode-oss/extensions/github.vscode-pull-request-github-0.44.0/dist/extension.js:1155:6625)
	at Ec (/home/shatterstone/.vscode-oss/extensions/github.vscode-pull-request-github-0.44.0/dist/extension.js:1155:6771)
	at c0.provideHover (/home/shatterstone/.vscode-oss/extensions/github.vscode-pull-request-github-0.44.0/dist/extension.js:1208:53748)
	at l.provideHover (/usr/lib/code/out/vs/workbench/api/node/extensionHostProcess.js:83:132238)
	at /usr/lib/code/out/vs/workbench/api/node/extensionHostProcess.js:83:161614
	at te._withAdapter (/usr/lib/code/out/vs/workbench/api/node/extensionHostProcess.js:83:158424)
	at te.$provideHover (/usr/lib/code/out/vs/workbench/api/node/extensionHostProcess.js:83:161590)
	at s._doInvokeHandler (/usr/lib/code/out/vs/workbench/api/node/extensionHostProcess.js:86:13828)
	at s._invokeHandler (/usr/lib/code/out/vs/workbench/api/node/extensionHostProcess.js:86:13512)
	at s._receiveRequest (/usr/lib/code/out/vs/workbench/api/node/extensionHostProcess.js:86:12121)
	at s._receiveOneMessage (/usr/lib/code/out/vs/workbench/api/node/extensionHostProcess.js:86:10843)
	at /usr/lib/code/out/vs/workbench/api/node/extensionHostProcess.js:86:8949
	at g.invoke (/usr/lib/code/out/vs/workbench/api/node/extensionHostProcess.js:58:145)
	at b.deliver (/usr/lib/code/out/vs/workbench/api/node/extensionHostProcess.js:58:2265)
	at v.fire (/usr/lib/code/out/vs/workbench/api/node/extensionHostProcess.js:58:1843)
	at a.fire (/usr/lib/code/out/vs/workbench/api/node/extensionHostProcess.js:66:19025)
	at /usr/lib/code/out/vs/workbench/api/node/extensionHostProcess.js:102:34863
	at g.invoke (/usr/lib/code/out/vs/workbench/api/node/extensionHostProcess.js:58:145)
	at b.deliver (/usr/lib/code/out/vs/workbench/api/node/extensionHostProcess.js:58:2265)
	at v.fire (/usr/lib/code/out/vs/workbench/api/node/extensionHostProcess.js:58:1843)
	at a.fire (/usr/lib/code/out/vs/workbench/api/node/extensionHostProcess.js:66:19025)
	at r._receiveMessage (/usr/lib/code/out/vs/workbench/api/node/extensionHostProcess.js:66:23606)
	at /usr/lib/code/out/vs/workbench/api/node/extensionHostProcess.js:66:21140
	at g.invoke (/usr/lib/code/out/vs/workbench/api/node/extensionHostProcess.js:58:145)
	at b.deliver (/usr/lib/code/out/vs/workbench/api/node/extensionHostProcess.js:58:2265)
	at v.fire (/usr/lib/code/out/vs/workbench/api/node/extensionHostProcess.js:58:1843)
	at v.acceptChunk (/usr/lib/code/out/vs/workbench/api/node/extensionHostProcess.js:66:15856)
	at /usr/lib/code/out/vs/workbench/api/node/extensionHostProcess.js:66:14986
	at Socket.R (/usr/lib/code/out/vs/workbench/api/node/extensionHostProcess.js:102:13798)
	at Socket.emit (node:events:390:28)
	at addChunk (node:internal/streams/readable:315:12)
	at readableAddChunk (node:internal/streams/readable:289:9)
	at Socket.Readable.push (node:internal/streams/readable:228:10)
	at Pipe.onStreamRead (node:internal/stream_base_commons:199:23)
[2022-06-19 16:45:09.903] [renderer1] [error] Extension 'GitHub.vscode-pull-request-github' CANNOT use API proposal: tokenInformation.
Its package.json#enabledApiProposals-property declares:  but NOT tokenInformation.
 The missing proposal MUST be added and you must start in extension development mode or use the following command line switch: --enable-proposed-api GitHub.vscode-pull-request-github: Error: Extension 'GitHub.vscode-pull-request-github' CANNOT use API proposal: tokenInformation.
Its package.json#enabledApiProposals-property declares:  but NOT tokenInformation.
 The missing proposal MUST be added and you must start in extension development mode or use the following command line switch: --enable-proposed-api GitHub.vscode-pull-request-github
	at f (/usr/lib/code/out/vs/workbench/api/node/extensionHostProcess.js:81:65109)
	at Object.getTokenInformationAtPosition (/usr/lib/code/out/vs/workbench/api/node/extensionHostProcess.js:97:39173)
	at _u (/home/shatterstone/.vscode-oss/extensions/github.vscode-pull-request-github-0.44.0/dist/extension.js:1155:6625)
	at Ec (/home/shatterstone/.vscode-oss/extensions/github.vscode-pull-request-github-0.44.0/dist/extension.js:1155:6771)
	at e0.provideHover (/home/shatterstone/.vscode-oss/extensions/github.vscode-pull-request-github-0.44.0/dist/extension.js:1208:37490)
	at l.provideHover (/usr/lib/code/out/vs/workbench/api/node/extensionHostProcess.js:83:132238)
	at /usr/lib/code/out/vs/workbench/api/node/extensionHostProcess.js:83:161614
	at te._withAdapter (/usr/lib/code/out/vs/workbench/api/node/extensionHostProcess.js:83:158424)
	at te.$provideHover (/usr/lib/code/out/vs/workbench/api/node/extensionHostProcess.js:83:161590)
	at s._doInvokeHandler (/usr/lib/code/out/vs/workbench/api/node/extensionHostProcess.js:86:13828)
	at s._invokeHandler (/usr/lib/code/out/vs/workbench/api/node/extensionHostProcess.js:86:13512)
	at s._receiveRequest (/usr/lib/code/out/vs/workbench/api/node/extensionHostProcess.js:86:12121)
	at s._receiveOneMessage (/usr/lib/code/out/vs/workbench/api/node/extensionHostProcess.js:86:10843)
	at /usr/lib/code/out/vs/workbench/api/node/extensionHostProcess.js:86:8949
	at g.invoke (/usr/lib/code/out/vs/workbench/api/node/extensionHostProcess.js:58:145)
	at b.deliver (/usr/lib/code/out/vs/workbench/api/node/extensionHostProcess.js:58:2265)
	at v.fire (/usr/lib/code/out/vs/workbench/api/node/extensionHostProcess.js:58:1843)
	at a.fire (/usr/lib/code/out/vs/workbench/api/node/extensionHostProcess.js:66:19025)
	at /usr/lib/code/out/vs/workbench/api/node/extensionHostProcess.js:102:34863
	at g.invoke (/usr/lib/code/out/vs/workbench/api/node/extensionHostProcess.js:58:145)
	at b.deliver (/usr/lib/code/out/vs/workbench/api/node/extensionHostProcess.js:58:2265)
	at v.fire (/usr/lib/code/out/vs/workbench/api/node/extensionHostProcess.js:58:1843)
	at a.fire (/usr/lib/code/out/vs/workbench/api/node/extensionHostProcess.js:66:19025)
	at r._receiveMessage (/usr/lib/code/out/vs/workbench/api/node/extensionHostProcess.js:66:23606)
	at /usr/lib/code/out/vs/workbench/api/node/extensionHostProcess.js:66:21140
	at g.invoke (/usr/lib/code/out/vs/workbench/api/node/extensionHostProcess.js:58:145)
	at b.deliver (/usr/lib/code/out/vs/workbench/api/node/extensionHostProcess.js:58:2265)
	at v.fire (/usr/lib/code/out/vs/workbench/api/node/extensionHostProcess.js:58:1843)
	at v.acceptChunk (/usr/lib/code/out/vs/workbench/api/node/extensionHostProcess.js:66:15856)
	at /usr/lib/code/out/vs/workbench/api/node/extensionHostProcess.js:66:14986
	at Socket.R (/usr/lib/code/out/vs/workbench/api/node/extensionHostProcess.js:102:13798)
	at Socket.emit (node:events:390:28)
	at addChunk (node:internal/streams/readable:315:12)
	at readableAddChunk (node:internal/streams/readable:289:9)
	at Socket.Readable.push (node:internal/streams/readable:228:10)
	at Pipe.onStreamRead (node:internal/stream_base_commons:199:23)
[2022-06-19 16:45:13.136] [renderer1] [error] [text file model] handleSaveError(4) - exit - resulted in a save error: Error: Unable to write file '/etc/default/grub' (NoPermissions (FileSystemError): Error: EACCES: permission denied, open '/etc/default/grub') file:///etc/default/grub
[2022-06-19 16:45:18.849] [renderer1] [error] [text file model] handleSaveError(4) - exit - resulted in a save error: Error: Command failed: cd "/etc/default"; "/usr/bin/pkexec" --disable-internal-agent /bin/bash -c "echo SUDOPROMPT; \"/usr/lib/electron17/bin/code-oss\" --file-write \"/home/shatterstone/.config/Code - OSS/code-elevated-PpXqWF7R\" \"/etc/default/grub\""
/bin/bash: line 1: /usr/lib/electron17/bin/code-oss: No such file or directory
 file:///etc/default/grub
[2022-06-19 16:45:18.923] [renderer1] [error] Extension 'GitHub.vscode-pull-request-github' CANNOT use API proposal: tokenInformation.
Its package.json#enabledApiProposals-property declares:  but NOT tokenInformation.
 The missing proposal MUST be added and you must start in extension development mode or use the following command line switch: --enable-proposed-api GitHub.vscode-pull-request-github: Error: Extension 'GitHub.vscode-pull-request-github' CANNOT use API proposal: tokenInformation.
Its package.json#enabledApiProposals-property declares:  but NOT tokenInformation.
 The missing proposal MUST be added and you must start in extension development mode or use the following command line switch: --enable-proposed-api GitHub.vscode-pull-request-github
	at f (/usr/lib/code/out/vs/workbench/api/node/extensionHostProcess.js:81:65109)
	at Object.getTokenInformationAtPosition (/usr/lib/code/out/vs/workbench/api/node/extensionHostProcess.js:97:39173)
	at _u (/home/shatterstone/.vscode-oss/extensions/github.vscode-pull-request-github-0.44.0/dist/extension.js:1155:6625)
	at Ec (/home/shatterstone/.vscode-oss/extensions/github.vscode-pull-request-github-0.44.0/dist/extension.js:1155:6771)
	at c0.provideHover (/home/shatterstone/.vscode-oss/extensions/github.vscode-pull-request-github-0.44.0/dist/extension.js:1208:53748)
	at l.provideHover (/usr/lib/code/out/vs/workbench/api/node/extensionHostProcess.js:83:132238)
	at /usr/lib/code/out/vs/workbench/api/node/extensionHostProcess.js:83:161614
	at te._withAdapter (/usr/lib/code/out/vs/workbench/api/node/extensionHostProcess.js:83:158424)
	at te.$provideHover (/usr/lib/code/out/vs/workbench/api/node/extensionHostProcess.js:83:161590)
	at s._doInvokeHandler (/usr/lib/code/out/vs/workbench/api/node/extensionHostProcess.js:86:13828)
	at s._invokeHandler (/usr/lib/code/out/vs/workbench/api/node/extensionHostProcess.js:86:13512)
	at s._receiveRequest (/usr/lib/code/out/vs/workbench/api/node/extensionHostProcess.js:86:12121)
	at s._receiveOneMessage (/usr/lib/code/out/vs/workbench/api/node/extensionHostProcess.js:86:10843)
	at /usr/lib/code/out/vs/workbench/api/node/extensionHostProcess.js:86:8949
	at g.invoke (/usr/lib/code/out/vs/workbench/api/node/extensionHostProcess.js:58:145)
	at b.deliver (/usr/lib/code/out/vs/workbench/api/node/extensionHostProcess.js:58:2265)
	at v.fire (/usr/lib/code/out/vs/workbench/api/node/extensionHostProcess.js:58:1843)
	at a.fire (/usr/lib/code/out/vs/workbench/api/node/extensionHostProcess.js:66:19025)
	at /usr/lib/code/out/vs/workbench/api/node/extensionHostProcess.js:102:34863
	at g.invoke (/usr/lib/code/out/vs/workbench/api/node/extensionHostProcess.js:58:145)
	at b.deliver (/usr/lib/code/out/vs/workbench/api/node/extensionHostProcess.js:58:2265)
	at v.fire (/usr/lib/code/out/vs/workbench/api/node/extensionHostProcess.js:58:1843)
	at a.fire (/usr/lib/code/out/vs/workbench/api/node/extensionHostProcess.js:66:19025)
	at r._receiveMessage (/usr/lib/code/out/vs/workbench/api/node/extensionHostProcess.js:66:23606)
	at /usr/lib/code/out/vs/workbench/api/node/extensionHostProcess.js:66:21140
	at g.invoke (/usr/lib/code/out/vs/workbench/api/node/extensionHostProcess.js:58:145)
	at b.deliver (/usr/lib/code/out/vs/workbench/api/node/extensionHostProcess.js:58:2265)
	at v.fire (/usr/lib/code/out/vs/workbench/api/node/extensionHostProcess.js:58:1843)
	at v.acceptChunk (/usr/lib/code/out/vs/workbench/api/node/extensionHostProcess.js:66:15856)
	at /usr/lib/code/out/vs/workbench/api/node/extensionHostProcess.js:66:14986
	at Socket.R (/usr/lib/code/out/vs/workbench/api/node/extensionHostProcess.js:102:13798)
	at Socket.emit (node:events:390:28)
	at addChunk (node:internal/streams/readable:315:12)
	at readableAddChunk (node:internal/streams/readable:289:9)
	at Socket.Readable.push (node:internal/streams/readable:228:10)
	at Pipe.onStreamRead (node:internal/stream_base_commons:199:23)
[2022-06-19 16:45:18.924] [renderer1] [error] Extension 'GitHub.vscode-pull-request-github' CANNOT use API proposal: tokenInformation.
Its package.json#enabledApiProposals-property declares:  but NOT tokenInformation.
 The missing proposal MUST be added and you must start in extension development mode or use the following command line switch: --enable-proposed-api GitHub.vscode-pull-request-github: Error: Extension 'GitHub.vscode-pull-request-github' CANNOT use API proposal: tokenInformation.
Its package.json#enabledApiProposals-property declares:  but NOT tokenInformation.
 The missing proposal MUST be added and you must start in extension development mode or use the following command line switch: --enable-proposed-api GitHub.vscode-pull-request-github
	at f (/usr/lib/code/out/vs/workbench/api/node/extensionHostProcess.js:81:65109)
	at Object.getTokenInformationAtPosition (/usr/lib/code/out/vs/workbench/api/node/extensionHostProcess.js:97:39173)
	at _u (/home/shatterstone/.vscode-oss/extensions/github.vscode-pull-request-github-0.44.0/dist/extension.js:1155:6625)
	at Ec (/home/shatterstone/.vscode-oss/extensions/github.vscode-pull-request-github-0.44.0/dist/extension.js:1155:6771)
	at e0.provideHover (/home/shatterstone/.vscode-oss/extensions/github.vscode-pull-request-github-0.44.0/dist/extension.js:1208:37490)
	at l.provideHover (/usr/lib/code/out/vs/workbench/api/node/extensionHostProcess.js:83:132238)
	at /usr/lib/code/out/vs/workbench/api/node/extensionHostProcess.js:83:161614
	at te._withAdapter (/usr/lib/code/out/vs/workbench/api/node/extensionHostProcess.js:83:158424)
	at te.$provideHover (/usr/lib/code/out/vs/workbench/api/node/extensionHostProcess.js:83:161590)
	at s._doInvokeHandler (/usr/lib/code/out/vs/workbench/api/node/extensionHostProcess.js:86:13828)
	at s._invokeHandler (/usr/lib/code/out/vs/workbench/api/node/extensionHostProcess.js:86:13512)
	at s._receiveRequest (/usr/lib/code/out/vs/workbench/api/node/extensionHostProcess.js:86:12121)
	at s._receiveOneMessage (/usr/lib/code/out/vs/workbench/api/node/extensionHostProcess.js:86:10843)
	at /usr/lib/code/out/vs/workbench/api/node/extensionHostProcess.js:86:8949
	at g.invoke (/usr/lib/code/out/vs/workbench/api/node/extensionHostProcess.js:58:145)
	at b.deliver (/usr/lib/code/out/vs/workbench/api/node/extensionHostProcess.js:58:2265)
	at v.fire (/usr/lib/code/out/vs/workbench/api/node/extensionHostProcess.js:58:1843)
	at a.fire (/usr/lib/code/out/vs/workbench/api/node/extensionHostProcess.js:66:19025)
	at /usr/lib/code/out/vs/workbench/api/node/extensionHostProcess.js:102:34863
	at g.invoke (/usr/lib/code/out/vs/workbench/api/node/extensionHostProcess.js:58:145)
	at b.deliver (/usr/lib/code/out/vs/workbench/api/node/extensionHostProcess.js:58:2265)
	at v.fire (/usr/lib/code/out/vs/workbench/api/node/extensionHostProcess.js:58:1843)
	at a.fire (/usr/lib/code/out/vs/workbench/api/node/extensionHostProcess.js:66:19025)
	at r._receiveMessage (/usr/lib/code/out/vs/workbench/api/node/extensionHostProcess.js:66:23606)
	at /usr/lib/code/out/vs/workbench/api/node/extensionHostProcess.js:66:21140
	at g.invoke (/usr/lib/code/out/vs/workbench/api/node/extensionHostProcess.js:58:145)
	at b.deliver (/usr/lib/code/out/vs/workbench/api/node/extensionHostProcess.js:58:2265)
	at v.fire (/usr/lib/code/out/vs/workbench/api/node/extensionHostProcess.js:58:1843)
	at v.acceptChunk (/usr/lib/code/out/vs/workbench/api/node/extensionHostProcess.js:66:15856)
	at /usr/lib/code/out/vs/workbench/api/node/extensionHostProcess.js:66:14986
	at Socket.R (/usr/lib/code/out/vs/workbench/api/node/extensionHostProcess.js:102:13798)
	at Socket.emit (node:events:390:28)
	at addChunk (node:internal/streams/readable:315:12)
	at readableAddChunk (node:internal/streams/readable:289:9)
	at Socket.Readable.push (node:internal/streams/readable:228:10)
	at Pipe.onStreamRead (node:internal/stream_base_commons:199:23)
[2022-06-19 16:45:22.737] [renderer1] [error] [text file model] handleSaveError(4) - exit - resulted in a save error: Error: Unable to write file '/etc/default/grub' (NoPermissions (FileSystemError): Error: EACCES: permission denied, open '/etc/default/grub') file:///etc/default/grub
[2022-06-19 16:45:27.118] [renderer1] [error] [text file model] handleSaveError(4) - exit - resulted in a save error: Error: Command failed: cd "/etc/default"; "/usr/bin/pkexec" --disable-internal-agent /bin/bash -c "echo SUDOPROMPT; \"/usr/lib/electron17/bin/code-oss\" --file-write \"/home/shatterstone/.config/Code - OSS/code-elevated-zYdGH15I\" \"/etc/default/grub\""
/bin/bash: line 1: /usr/lib/electron17/bin/code-oss: No such file or directory
 file:///etc/default/grub
[2022-06-19 16:45:32.389] [renderer1] [error] Extension 'GitHub.vscode-pull-request-github' CANNOT use API proposal: tokenInformation.
Its package.json#enabledApiProposals-property declares:  but NOT tokenInformation.
 The missing proposal MUST be added and you must start in extension development mode or use the following command line switch: --enable-proposed-api GitHub.vscode-pull-request-github: Error: Extension 'GitHub.vscode-pull-request-github' CANNOT use API proposal: tokenInformation.
Its package.json#enabledApiProposals-property declares:  but NOT tokenInformation.
 The missing proposal MUST be added and you must start in extension development mode or use the following command line switch: --enable-proposed-api GitHub.vscode-pull-request-github
	at f (/usr/lib/code/out/vs/workbench/api/node/extensionHostProcess.js:81:65109)
	at Object.getTokenInformationAtPosition (/usr/lib/code/out/vs/workbench/api/node/extensionHostProcess.js:97:39173)
	at _u (/home/shatterstone/.vscode-oss/extensions/github.vscode-pull-request-github-0.44.0/dist/extension.js:1155:6625)
	at Ec (/home/shatterstone/.vscode-oss/extensions/github.vscode-pull-request-github-0.44.0/dist/extension.js:1155:6771)
	at c0.provideHover (/home/shatterstone/.vscode-oss/extensions/github.vscode-pull-request-github-0.44.0/dist/extension.js:1208:53748)
	at l.provideHover (/usr/lib/code/out/vs/workbench/api/node/extensionHostProcess.js:83:132238)
	at /usr/lib/code/out/vs/workbench/api/node/extensionHostProcess.js:83:161614
	at te._withAdapter (/usr/lib/code/out/vs/workbench/api/node/extensionHostProcess.js:83:158424)
	at te.$provideHover (/usr/lib/code/out/vs/workbench/api/node/extensionHostProcess.js:83:161590)
	at s._doInvokeHandler (/usr/lib/code/out/vs/workbench/api/node/extensionHostProcess.js:86:13828)
	at s._invokeHandler (/usr/lib/code/out/vs/workbench/api/node/extensionHostProcess.js:86:13512)
	at s._receiveRequest (/usr/lib/code/out/vs/workbench/api/node/extensionHostProcess.js:86:12121)
	at s._receiveOneMessage (/usr/lib/code/out/vs/workbench/api/node/extensionHostProcess.js:86:10843)
	at /usr/lib/code/out/vs/workbench/api/node/extensionHostProcess.js:86:8949
	at g.invoke (/usr/lib/code/out/vs/workbench/api/node/extensionHostProcess.js:58:145)
	at b.deliver (/usr/lib/code/out/vs/workbench/api/node/extensionHostProcess.js:58:2265)
	at v.fire (/usr/lib/code/out/vs/workbench/api/node/extensionHostProcess.js:58:1843)
	at a.fire (/usr/lib/code/out/vs/workbench/api/node/extensionHostProcess.js:66:19025)
	at /usr/lib/code/out/vs/workbench/api/node/extensionHostProcess.js:102:34863
	at g.invoke (/usr/lib/code/out/vs/workbench/api/node/extensionHostProcess.js:58:145)
	at b.deliver (/usr/lib/code/out/vs/workbench/api/node/extensionHostProcess.js:58:2265)
	at v.fire (/usr/lib/code/out/vs/workbench/api/node/extensionHostProcess.js:58:1843)
	at a.fire (/usr/lib/code/out/vs/workbench/api/node/extensionHostProcess.js:66:19025)
	at r._receiveMessage (/usr/lib/code/out/vs/workbench/api/node/extensionHostProcess.js:66:23606)
	at /usr/lib/code/out/vs/workbench/api/node/extensionHostProcess.js:66:21140
	at g.invoke (/usr/lib/code/out/vs/workbench/api/node/extensionHostProcess.js:58:145)
	at b.deliver (/usr/lib/code/out/vs/workbench/api/node/extensionHostProcess.js:58:2265)
	at v.fire (/usr/lib/code/out/vs/workbench/api/node/extensionHostProcess.js:58:1843)
	at v.acceptChunk (/usr/lib/code/out/vs/workbench/api/node/extensionHostProcess.js:66:15856)
	at /usr/lib/code/out/vs/workbench/api/node/extensionHostProcess.js:66:14986
	at Socket.R (/usr/lib/code/out/vs/workbench/api/node/extensionHostProcess.js:102:13798)
	at Socket.emit (node:events:390:28)
	at addChunk (node:internal/streams/readable:315:12)
	at readableAddChunk (node:internal/streams/readable:289:9)
	at Socket.Readable.push (node:internal/streams/readable:228:10)
	at Pipe.onStreamRead (node:internal/stream_base_commons:199:23)
[2022-06-19 16:45:32.390] [renderer1] [error] Extension 'GitHub.vscode-pull-request-github' CANNOT use API proposal: tokenInformation.
Its package.json#enabledApiProposals-property declares:  but NOT tokenInformation.
 The missing proposal MUST be added and you must start in extension development mode or use the following command line switch: --enable-proposed-api GitHub.vscode-pull-request-github: Error: Extension 'GitHub.vscode-pull-request-github' CANNOT use API proposal: tokenInformation.
Its package.json#enabledApiProposals-property declares:  but NOT tokenInformation.
 The missing proposal MUST be added and you must start in extension development mode or use the following command line switch: --enable-proposed-api GitHub.vscode-pull-request-github
	at f (/usr/lib/code/out/vs/workbench/api/node/extensionHostProcess.js:81:65109)
	at Object.getTokenInformationAtPosition (/usr/lib/code/out/vs/workbench/api/node/extensionHostProcess.js:97:39173)
	at _u (/home/shatterstone/.vscode-oss/extensions/github.vscode-pull-request-github-0.44.0/dist/extension.js:1155:6625)
	at Ec (/home/shatterstone/.vscode-oss/extensions/github.vscode-pull-request-github-0.44.0/dist/extension.js:1155:6771)
	at e0.provideHover (/home/shatterstone/.vscode-oss/extensions/github.vscode-pull-request-github-0.44.0/dist/extension.js:1208:37490)
	at l.provideHover (/usr/lib/code/out/vs/workbench/api/node/extensionHostProcess.js:83:132238)
	at /usr/lib/code/out/vs/workbench/api/node/extensionHostProcess.js:83:161614
	at te._withAdapter (/usr/lib/code/out/vs/workbench/api/node/extensionHostProcess.js:83:158424)
	at te.$provideHover (/usr/lib/code/out/vs/workbench/api/node/extensionHostProcess.js:83:161590)
	at s._doInvokeHandler (/usr/lib/code/out/vs/workbench/api/node/extensionHostProcess.js:86:13828)
	at s._invokeHandler (/usr/lib/code/out/vs/workbench/api/node/extensionHostProcess.js:86:13512)
	at s._receiveRequest (/usr/lib/code/out/vs/workbench/api/node/extensionHostProcess.js:86:12121)
	at s._receiveOneMessage (/usr/lib/code/out/vs/workbench/api/node/extensionHostProcess.js:86:10843)
	at /usr/lib/code/out/vs/workbench/api/node/extensionHostProcess.js:86:8949
	at g.invoke (/usr/lib/code/out/vs/workbench/api/node/extensionHostProcess.js:58:145)
	at b.deliver (/usr/lib/code/out/vs/workbench/api/node/extensionHostProcess.js:58:2265)
	at v.fire (/usr/lib/code/out/vs/workbench/api/node/extensionHostProcess.js:58:1843)
	at a.fire (/usr/lib/code/out/vs/workbench/api/node/extensionHostProcess.js:66:19025)
	at /usr/lib/code/out/vs/workbench/api/node/extensionHostProcess.js:102:34863
	at g.invoke (/usr/lib/code/out/vs/workbench/api/node/extensionHostProcess.js:58:145)
	at b.deliver (/usr/lib/code/out/vs/workbench/api/node/extensionHostProcess.js:58:2265)
	at v.fire (/usr/lib/code/out/vs/workbench/api/node/extensionHostProcess.js:58:1843)
	at a.fire (/usr/lib/code/out/vs/workbench/api/node/extensionHostProcess.js:66:19025)
	at r._receiveMessage (/usr/lib/code/out/vs/workbench/api/node/extensionHostProcess.js:66:23606)
	at /usr/lib/code/out/vs/workbench/api/node/extensionHostProcess.js:66:21140
	at g.invoke (/usr/lib/code/out/vs/workbench/api/node/extensionHostProcess.js:58:145)
	at b.deliver (/usr/lib/code/out/vs/workbench/api/node/extensionHostProcess.js:58:2265)
	at v.fire (/usr/lib/code/out/vs/workbench/api/node/extensionHostProcess.js:58:1843)
	at v.acceptChunk (/usr/lib/code/out/vs/workbench/api/node/extensionHostProcess.js:66:15856)
	at /usr/lib/code/out/vs/workbench/api/node/extensionHostProcess.js:66:14986
	at Socket.R (/usr/lib/code/out/vs/workbench/api/node/extensionHostProcess.js:102:13798)
	at Socket.emit (node:events:390:28)
	at addChunk (node:internal/streams/readable:315:12)
	at readableAddChunk (node:internal/streams/readable:289:9)
	at Socket.Readable.push (node:internal/streams/readable:228:10)
	at Pipe.onStreamRead (node:internal/stream_base_commons:199:23)
