[2022-07-11 12:04:51.383] [exthost] [info] Extension host with pid 52786 started
[2022-07-11 12:04:51.483] [exthost] [info] ExtensionService#_doActivateExtension vscode.debug-auto-launch, startup: true, activationEvent: '*'
[2022-07-11 12:04:51.491] [exthost] [info] ExtensionService#_doActivateExtension vscode.git-base, startup: true, activationEvent: '*'
[2022-07-11 12:04:51.497] [exthost] [info] ExtensionService#_doActivateExtension vscode.ipynb, startup: true, activationEvent: '*'
[2022-07-11 12:04:51.514] [exthost] [info] ExtensionService#_doActivateExtension vscode.github-authentication, startup: true, activationEvent: '*', root cause: GitHub.vscode-pull-request-github
[2022-07-11 12:04:51.612] [exthost] [info] ExtensionService#_doActivateExtension vscode.github, startup: true, activationEvent: '*'
[2022-07-11 12:04:51.627] [exthost] [info] ExtensionService#_doActivateExtension GitHub.vscode-pull-request-github, startup: true, activationEvent: '*'
[2022-07-11 12:04:52.450] [exthost] [info] Eager extensions activated
[2022-07-11 12:04:52.453] [exthost] [info] ExtensionService#_doActivateExtension vscode.emmet, startup: false, activationEvent: 'onStartupFinished'
[2022-07-11 12:04:52.482] [exthost] [info] ExtensionService#_doActivateExtension vscode.merge-conflict, startup: false, activationEvent: 'onStartupFinished'
[2022-07-11 12:05:12.646] [exthost] [info] Extension host terminating: received terminate message from renderer
[2022-07-11 12:05:12.651] [exthost] [info] Extension host with pid 52786 exiting with code 0
[2022-07-11 12:05:14.136] [exthost] [info] Extension host with pid 53116 started
[2022-07-11 12:05:14.136] [exthost] [info] Skipping acquiring lock for /home/shatterstone/.config/Code - OSS/User/workspaceStorage/300c1e02338027acd310e030a52e43bc.
[2022-07-11 12:05:14.227] [exthost] [info] ExtensionService#_doActivateExtension vscode.debug-auto-launch, startup: true, activationEvent: '*'
[2022-07-11 12:05:14.231] [exthost] [info] ExtensionService#_doActivateExtension vscode.git-base, startup: true, activationEvent: '*', root cause: vscode.git
[2022-07-11 12:05:14.232] [exthost] [info] ExtensionService#_doActivateExtension vscode.ipynb, startup: true, activationEvent: '*'
[2022-07-11 12:05:14.235] [exthost] [info] ExtensionService#_doActivateExtension vscode.github-authentication, startup: true, activationEvent: '*', root cause: GitHub.vscode-pull-request-github
[2022-07-11 12:05:14.245] [exthost] [info] ExtensionService#_doActivateExtension KnisterPeter.vscode-github, startup: true, activationEvent: '*'
[2022-07-11 12:05:14.501] [exthost] [info] ExtensionService#_doActivateExtension vscode.git, startup: true, activationEvent: '*'
[2022-07-11 12:05:14.581] [exthost] [info] ExtensionService#_doActivateExtension vscode.github, startup: true, activationEvent: '*'
[2022-07-11 12:05:14.584] [exthost] [info] ExtensionService#_doActivateExtension GitHub.vscode-pull-request-github, startup: true, activationEvent: '*'
[2022-07-11 12:05:15.367] [exthost] [info] Eager extensions activated
[2022-07-11 12:05:15.370] [exthost] [info] ExtensionService#_doActivateExtension vscode.emmet, startup: false, activationEvent: 'onStartupFinished'
[2022-07-11 12:05:15.374] [exthost] [info] ExtensionService#_doActivateExtension vscode.merge-conflict, startup: false, activationEvent: 'onStartupFinished'
[2022-07-11 12:06:06.975] [exthost] [info] Extension host terminating: received terminate message from renderer
[2022-07-11 12:06:06.993] [exthost] [info] Extension host with pid 53116 exiting with code 0
