INFO: 2022-08-16 12:51:01,409: main() 'Using profile folder /home/shatterstone/.config/variety/'
INFO: 2022-08-16 12:51:01,412: perform_upgrade() 'Last run version was 0.8.7 or earlier, current version is 0.8.9'
INFO: 2022-08-16 12:51:01,604: write_current_version() 'Writing current version 0.8.9 to .version'
INFO: 2022-08-16 12:51:01,604: upgrade_script() 'Upgrading set_wallpaper file, copying it from /usr/share/variety/scripts/set_wallpaper'
INFO: 2022-08-16 12:51:01,604: upgrade_script() 'Old script file is preserved as /home/shatterstone/.config/variety/scripts/set_wallpaper_before_0.8.9'
INFO: 2022-08-16 12:51:01,605: upgrade_script() 'Upgrading get_wallpaper file, copying it from /usr/share/variety/scripts/get_wallpaper'
INFO: 2022-08-16 12:51:01,605: upgrade_script() 'Old script file is preserved as /home/shatterstone/.config/variety/scripts/get_wallpaper_before_0.8.9'
ERROR: 2022-08-16 12:51:01,943: perform_upgrade() 'Error during version upgrade. Continuing.'
Traceback (most recent call last):
  File "/usr/lib/python3.10/site-packages/variety/VarietyWindow.py", line 2368, in perform_upgrade
    self.show_notification(
  File "/usr/lib/python3.10/site-packages/variety/VarietyWindow.py", line 1666, in show_notification
    self.notification.show()
gi.repository.GLib.GError: g-dbus-error-quark: Error calling StartServiceByName for org.freedesktop.Notifications: Process org.freedesktop.Notifications received signal 11 (26)
INFO: 2022-08-16 12:51:01,944: process_command() 'Received command: []'
INFO: 2022-08-16 12:51:01,948: start() 'Using data_path /usr/share/variety'
INFO: 2022-08-16 12:51:01,948: load() 'Jumble loading'
INFO: 2022-08-16 12:51:01,949: _walk_modules() 'Jumble loading module in __init__ from /usr/lib/python3.10/site-packages/variety/plugins/builtin/__init__.py'
INFO: 2022-08-16 12:51:01,950: _walk_modules() 'Jumble loading module in QuotationsPageSource from /usr/lib/python3.10/site-packages/variety/plugins/builtin/quotes/QuotationsPageSource.py'
INFO: 2022-08-16 12:51:01,957: load() 'Jumble found plugin class: <class 'QuotationsPageSource.QuotationsPageSource'>: {'name': 'TheQuotationsPage.com', 'description': 'Fetches quotes from TheQuotationsPage.com', 'author': 'Peter Levi', 'version': '0.1'}'
INFO: 2022-08-16 12:51:01,957: _walk_modules() 'Jumble loading module in FortuneSource from /usr/lib/python3.10/site-packages/variety/plugins/builtin/quotes/FortuneSource.py'
INFO: 2022-08-16 12:51:01,958: load() 'Jumble found plugin class: <class 'FortuneSource.FortuneSource'>: {'name': 'UNIX fortune program', 'description': 'Displays quotes using the UNIX fortune program. You may want to install additional fortune packs, e.g. fortunes-bofh-excuses.', 'author': 'Dan Jones', 'version': '0.1'}'
INFO: 2022-08-16 12:51:01,958: _walk_modules() 'Jumble loading module in UrbanDictionarySource from /usr/lib/python3.10/site-packages/variety/plugins/builtin/quotes/UrbanDictionarySource.py'
INFO: 2022-08-16 12:51:01,959: load() 'Jumble found plugin class: <class 'UrbanDictionarySource.UrbanDictionarySource'>: {'name': 'Urban Dictionary', 'description': 'Displays definitions from Urban Dictionary', 'author': 'James Miller', 'version': '0.1'}'
INFO: 2022-08-16 12:51:01,959: _walk_modules() 'Jumble loading module in __init__ from /usr/lib/python3.10/site-packages/variety/plugins/builtin/quotes/__init__.py'
INFO: 2022-08-16 12:51:01,959: _walk_modules() 'Jumble loading module in LocalFilesSource from /usr/lib/python3.10/site-packages/variety/plugins/builtin/quotes/LocalFilesSource.py'
INFO: 2022-08-16 12:51:01,960: load() 'Jumble found plugin class: <class 'LocalFilesSource.LocalFilesSource'>: {'name': 'Local text files', 'description': 'Displays quotes, defined in local text files.\nPut your own txt files in: ~/.config/variety/pluginconfig/quotes/.\nThe file format is:\n\nquote -- author\n.\nsecond quote -- another author\n.\netc...\n\nExample: http://rvelthuis.de/zips/quotes.txt', 'author': 'Peter Levi', 'version': '0.1'}'
INFO: 2022-08-16 12:51:01,960: _walk_modules() 'Jumble loading module in GoodreadsSource from /usr/lib/python3.10/site-packages/variety/plugins/builtin/quotes/GoodreadsSource.py'
INFO: 2022-08-16 12:51:01,961: load() 'Jumble found plugin class: <class 'GoodreadsSource.GoodreadsSource'>: {'name': 'Goodreads', 'description': 'Fetches quotes from Goodreads.com', 'author': 'Peter Levi', 'version': '0.1'}'
INFO: 2022-08-16 12:51:01,961: _walk_modules() 'Jumble loading module in ResizingDisplayModesPlugin from /usr/lib/python3.10/site-packages/variety/plugins/builtin/display_modes/ResizingDisplayModesPlugin.py'
INFO: 2022-08-16 12:51:01,962: load() 'Jumble found plugin class: <class 'ResizingDisplayModesPlugin.ResizingDisplayModesPlugin'>: {'name': 'ResizingDisplayModesPlugin', 'description': 'Display modes that use image resizing within Variety', 'version': '1.0', 'author': 'Peter Levi'}'
INFO: 2022-08-16 12:51:01,962: _walk_modules() 'Jumble loading module in __init__ from /usr/lib/python3.10/site-packages/variety/plugins/builtin/display_modes/__init__.py'
INFO: 2022-08-16 12:51:01,963: _walk_modules() 'Jumble loading module in GnomeDisplayModesPlugin from /usr/lib/python3.10/site-packages/variety/plugins/builtin/display_modes/GnomeDisplayModesPlugin.py'
INFO: 2022-08-16 12:51:01,963: load() 'Jumble found plugin class: <class 'GnomeDisplayModesPlugin.GnomeDisplayModesPlugin'>: {'name': 'GnomeDisplayModesPlugin', 'description': 'Display modes relying on the underlying desktop environment', 'version': '1.0', 'author': 'Peter Levi'}'
INFO: 2022-08-16 12:51:01,963: _walk_modules() 'Jumble loading module in LegacyDisplayModesPlugin from /usr/lib/python3.10/site-packages/variety/plugins/builtin/display_modes/LegacyDisplayModesPlugin.py'
INFO: 2022-08-16 12:51:01,964: load() 'Jumble found plugin class: <class 'LegacyDisplayModesPlugin.LegacyDisplayModesPlugin'>: {'name': 'LegacyDisplayModesPlugin', 'description': 'Legacy display mode for compatibility with past Variety versions', 'version': '1.0', 'author': 'Peter Levi'}'
INFO: 2022-08-16 12:51:01,964: _walk_modules() 'Jumble loading module in UnsplashConfigurableSource from /usr/lib/python3.10/site-packages/variety/plugins/builtin/downloaders/UnsplashConfigurableSource.py'
INFO: 2022-08-16 12:51:01,967: load() 'Jumble found plugin class: <class 'UnsplashConfigurableSource.UnsplashConfigurableSource'>: {'name': 'UnsplashConfigurableSource', 'description': 'Configurable source for fetching photos from Unsplash.com', 'author': 'Peter Levi', 'version': '0.1'}'
INFO: 2022-08-16 12:51:01,967: _walk_modules() 'Jumble loading module in WallhavenLegacyDownloader from /usr/lib/python3.10/site-packages/variety/plugins/builtin/downloaders/WallhavenLegacyDownloader.py'
INFO: 2022-08-16 12:51:01,968: _walk_modules() 'Jumble loading module in ArtStationDownloader from /usr/lib/python3.10/site-packages/variety/plugins/builtin/downloaders/ArtStationDownloader.py'
INFO: 2022-08-16 12:51:01,968: _walk_modules() 'Jumble loading module in UnsplashDownloader from /usr/lib/python3.10/site-packages/variety/plugins/builtin/downloaders/UnsplashDownloader.py'
INFO: 2022-08-16 12:51:01,969: load() 'Jumble found plugin class: <class 'UnsplashDownloader.UnsplashDownloader'>: {'name': 'UnsplashDownloader', 'description': 'High-resolution photos from Unsplash.com', 'author': 'Peter Levi', 'version': '0.1'}'
INFO: 2022-08-16 12:51:01,969: _walk_modules() 'Jumble loading module in NationalGeographicDownloader from /usr/lib/python3.10/site-packages/variety/plugins/builtin/downloaders/NationalGeographicDownloader.py'
INFO: 2022-08-16 12:51:01,969: load() 'Jumble found plugin class: <class 'NationalGeographicDownloader.NationalGeographicDownloader'>: {'name': 'NationalGeographicDownloader', 'description': "National Geographic's photo of the day", 'author': 'Eric Rösch', 'version': '0.1'}'
INFO: 2022-08-16 12:51:01,970: _walk_modules() 'Jumble loading module in WallhavenSource from /usr/lib/python3.10/site-packages/variety/plugins/builtin/downloaders/WallhavenSource.py'
INFO: 2022-08-16 12:51:01,971: load() 'Jumble found plugin class: <class 'WallhavenSource.WallhavenSource'>: {'name': 'WallhavenSource', 'description': 'Configurable source for fetching images from Wallhaven.cc', 'author': 'Peter Levi', 'version': '0.1'}'
INFO: 2022-08-16 12:51:01,972: _walk_modules() 'Jumble loading module in BingDownloader from /usr/lib/python3.10/site-packages/variety/plugins/builtin/downloaders/BingDownloader.py'
INFO: 2022-08-16 12:51:01,972: load() 'Jumble found plugin class: <class 'BingDownloader.BingDownloader'>: {'name': 'BingDownloader', 'description': 'Bing Photo of the Day', 'author': 'Peter Levi', 'version': '0.1'}'
INFO: 2022-08-16 12:51:01,972: _walk_modules() 'Jumble loading module in __init__ from /usr/lib/python3.10/site-packages/variety/plugins/builtin/downloaders/__init__.py'
INFO: 2022-08-16 12:51:01,973: _walk_modules() 'Jumble loading module in ArtStationSource from /usr/lib/python3.10/site-packages/variety/plugins/builtin/downloaders/ArtStationSource.py'
INFO: 2022-08-16 12:51:01,973: load() 'Jumble found plugin class: <class 'ArtStationSource.ArtStationSource'>: {'name': 'ArtStationSource', 'description': 'Configurable source for fetching images from ArtStation', 'author': 'Denis Gordeev', 'version': '0.1'}'
INFO: 2022-08-16 12:51:01,974: _walk_modules() 'Jumble loading module in WallhavenDownloader from /usr/lib/python3.10/site-packages/variety/plugins/builtin/downloaders/WallhavenDownloader.py'
INFO: 2022-08-16 12:51:01,974: _walk_modules() 'Jumble loading module in RedditSource from /usr/lib/python3.10/site-packages/variety/plugins/builtin/downloaders/RedditSource.py'
INFO: 2022-08-16 12:51:01,975: load() 'Jumble found plugin class: <class 'RedditSource.RedditSource'>: {'name': 'RedditSource', 'description': 'Configurable source for fetching images from Reddit', 'author': 'Peter Levi', 'version': '0.1'}'
INFO: 2022-08-16 12:51:01,976: _walk_modules() 'Jumble loading module in MediaRSSSource from /usr/lib/python3.10/site-packages/variety/plugins/builtin/downloaders/MediaRSSSource.py'
INFO: 2022-08-16 12:51:01,977: load() 'Jumble found plugin class: <class 'MediaRSSSource.MediaRSSSource'>: {'name': 'MediaRSSSource', 'description': 'Configurable source for fetching images from MediaRSS feeds', 'author': 'Peter Levi', 'version': '0.1'}'
INFO: 2022-08-16 12:51:01,977: _walk_modules() 'Jumble loading module in EarthviewDownloader from /usr/lib/python3.10/site-packages/variety/plugins/builtin/downloaders/EarthviewDownloader.py'
INFO: 2022-08-16 12:51:01,978: load() 'Jumble found plugin class: <class 'EarthviewDownloader.EarthviewDownloader'>: {'name': 'EarthviewDownloader', 'description': 'Google Earth View Wallpapers', 'author': 'Peter Levi', 'version': '0.1'}'
INFO: 2022-08-16 12:51:01,978: _walk_modules() 'Jumble loading module in RedditDownloader from /usr/lib/python3.10/site-packages/variety/plugins/builtin/downloaders/RedditDownloader.py'
INFO: 2022-08-16 12:51:01,978: _walk_modules() 'Jumble loading module in APODDownloader from /usr/lib/python3.10/site-packages/variety/plugins/builtin/downloaders/APODDownloader.py'
INFO: 2022-08-16 12:51:01,979: load() 'Jumble found plugin class: <class 'APODDownloader.APODDownloader'>: {'name': 'APODDownloader', 'description': 'NASA Astro Pic of the Day', 'author': 'Peter Levi', 'version': '0.1'}'
INFO: 2022-08-16 12:51:01,979: _walk_modules() 'Jumble loading module in MediaRSSDownloader from /usr/lib/python3.10/site-packages/variety/plugins/builtin/downloaders/MediaRSSDownloader.py'
INFO: 2022-08-16 12:51:01,999: log_options() 'Loaded options:'
INFO: 2022-08-16 12:51:01,999: log_options() 'change_enabled = False'
INFO: 2022-08-16 12:51:01,999: log_options() 'change_interval = 300'
INFO: 2022-08-16 12:51:01,999: log_options() 'change_on_start = False'
INFO: 2022-08-16 12:51:01,999: log_options() 'clipboard_enabled = False'
INFO: 2022-08-16 12:51:01,999: log_options() 'clipboard_hosts = ['wallhaven.cc', 'wallpapers.net', 'flickr.com', 'imgur.com', 'deviantart.com', 'interfacelift.com', 'vladstudio.com', 'imageshack.us', 'deviantart.net', 'imageshack.com']'
INFO: 2022-08-16 12:51:01,999: log_options() 'clipboard_use_whitelist = True'
INFO: 2022-08-16 12:51:01,999: log_options() 'clock_date_font = Serif 30'
INFO: 2022-08-16 12:51:01,999: log_options() 'clock_enabled = False'
INFO: 2022-08-16 12:51:01,999: log_options() 'clock_filter = -density 100 -font `fc-match -f '%{file[0]}' '%CLOCK_FONT_NAME'` -pointsize %CLOCK_FONT_SIZE -gravity SouthEast -fill '#00000044' -annotate 0x0+[%HOFFSET+58]+[%VOFFSET+108] '%H:%M' -fill white -annotate 0x0+[%HOFFSET+60]+[%VOFFSET+110] '%H:%M' -font `fc-match -f '%{file[0]}' '%DATE_FONT_NAME'` -pointsize %DATE_FONT_SIZE -fill '#00000044' -annotate 0x0+[%HOFFSET+58]+[%VOFFSET+58] '%A, %B %d' -fill white -annotate 0x0+[%HOFFSET+60]+[%VOFFSET+60] '%A, %B %d''
INFO: 2022-08-16 12:51:02,000: log_options() 'clock_font = Serif 70'
INFO: 2022-08-16 12:51:02,000: log_options() 'configfile = /home/shatterstone/.config/variety/variety.conf'
INFO: 2022-08-16 12:51:02,000: log_options() 'copyto_enabled = False'
INFO: 2022-08-16 12:51:02,000: log_options() 'copyto_folder = Default'
INFO: 2022-08-16 12:51:02,000: log_options() 'desired_color = [160, 160, 160]'
INFO: 2022-08-16 12:51:02,000: log_options() 'desired_color_enabled = False'
INFO: 2022-08-16 12:51:02,000: log_options() 'download_folder = /home/shatterstone/.config/variety/Downloaded'
INFO: 2022-08-16 12:51:02,000: log_options() 'download_preference_ratio = 0.9'
INFO: 2022-08-16 12:51:02,000: log_options() 'favorites_folder = /home/shatterstone/.config/variety/Favorites'
INFO: 2022-08-16 12:51:02,000: log_options() 'favorites_operations = [['Downloaded', 'Copy'], ['Fetched', 'Move'], ['Others', 'Copy']]'
INFO: 2022-08-16 12:51:02,000: log_options() 'fetched_folder = /home/shatterstone/.config/variety/Fetched'
INFO: 2022-08-16 12:51:02,000: log_options() 'filters = [[False, 'Keep original', ''], [False, 'Grayscale', '-type Grayscale'], [False, 'Heavy blur', '-scale 20% -blur 0x10 -resize 500%'], [False, 'Soft blur', '-scale 20% -blur 0x2 -resize 500%'], [False, 'Oil painting', '-paint 8'], [False, 'Pointilism', '-spread 10 -noise 3'], [False, 'Pixellate', '-scale 3% -scale 3333%']]'
INFO: 2022-08-16 12:51:02,000: log_options() 'get_wallpaper_script = /home/shatterstone/.config/variety/scripts/get_wallpaper_arco'
INFO: 2022-08-16 12:51:02,000: log_options() 'icon = Light'
INFO: 2022-08-16 12:51:02,000: log_options() 'internet_enabled = True'
INFO: 2022-08-16 12:51:02,000: log_options() 'lightness_enabled = False'
INFO: 2022-08-16 12:51:02,000: log_options() 'lightness_mode = 0'
INFO: 2022-08-16 12:51:02,000: log_options() 'min_rating = 4'
INFO: 2022-08-16 12:51:02,000: log_options() 'min_rating_enabled = False'
INFO: 2022-08-16 12:51:02,000: log_options() 'min_size = 80'
INFO: 2022-08-16 12:51:02,000: log_options() 'min_size_enabled = True'
INFO: 2022-08-16 12:51:02,000: log_options() 'quota_enabled = True'
INFO: 2022-08-16 12:51:02,000: log_options() 'quota_size = 1000'
INFO: 2022-08-16 12:51:02,000: log_options() 'quotes_authors = '
INFO: 2022-08-16 12:51:02,000: log_options() 'quotes_bg_color = [80, 80, 80]'
INFO: 2022-08-16 12:51:02,000: log_options() 'quotes_bg_opacity = 55'
INFO: 2022-08-16 12:51:02,000: log_options() 'quotes_change_enabled = False'
INFO: 2022-08-16 12:51:02,000: log_options() 'quotes_change_interval = 300'
INFO: 2022-08-16 12:51:02,000: log_options() 'quotes_disabled_sources = ['Urban Dictionary']'
INFO: 2022-08-16 12:51:02,000: log_options() 'quotes_enabled = False'
INFO: 2022-08-16 12:51:02,000: log_options() 'quotes_favorites_file = /home/shatterstone/.config/variety/favorite_quotes.txt'
INFO: 2022-08-16 12:51:02,000: log_options() 'quotes_font = Serif 30'
INFO: 2022-08-16 12:51:02,000: log_options() 'quotes_hpos = 100'
INFO: 2022-08-16 12:51:02,000: log_options() 'quotes_max_length = 250'
INFO: 2022-08-16 12:51:02,000: log_options() 'quotes_tags = '
INFO: 2022-08-16 12:51:02,000: log_options() 'quotes_text_color = [255, 255, 255]'
INFO: 2022-08-16 12:51:02,001: log_options() 'quotes_text_shadow = False'
INFO: 2022-08-16 12:51:02,001: log_options() 'quotes_vpos = 40'
INFO: 2022-08-16 12:51:02,001: log_options() 'quotes_width = 70'
INFO: 2022-08-16 12:51:02,001: log_options() 'safe_mode = False'
INFO: 2022-08-16 12:51:02,001: log_options() 'set_wallpaper_script = /home/shatterstone/.config/variety/scripts/set_wallpaper_arco'
INFO: 2022-08-16 12:51:02,001: log_options() 'slideshow_custom_enabled = False'
INFO: 2022-08-16 12:51:02,001: log_options() 'slideshow_custom_folder = /home/shatterstone/Pictures'
INFO: 2022-08-16 12:51:02,001: log_options() 'slideshow_downloads_enabled = False'
INFO: 2022-08-16 12:51:02,001: log_options() 'slideshow_fade = 0.4'
INFO: 2022-08-16 12:51:02,001: log_options() 'slideshow_favorites_enabled = True'
INFO: 2022-08-16 12:51:02,001: log_options() 'slideshow_mode = Fullscreen'
INFO: 2022-08-16 12:51:02,001: log_options() 'slideshow_monitor = All'
INFO: 2022-08-16 12:51:02,001: log_options() 'slideshow_pan = 0.05'
INFO: 2022-08-16 12:51:02,001: log_options() 'slideshow_seconds = 6.0'
INFO: 2022-08-16 12:51:02,001: log_options() 'slideshow_sort_order = Random'
INFO: 2022-08-16 12:51:02,001: log_options() 'slideshow_sources_enabled = True'
INFO: 2022-08-16 12:51:02,001: log_options() 'slideshow_zoom = 0.2'
INFO: 2022-08-16 12:51:02,001: log_options() 'smart_enabled = False'
INFO: 2022-08-16 12:51:02,001: log_options() 'smart_notice_shown = False'
INFO: 2022-08-16 12:51:02,001: log_options() 'smart_register_shown = False'
INFO: 2022-08-16 12:51:02,001: log_options() 'sources = [[True, 'favorites', 'The Favorites folder'], [False, 'fetched', 'The Fetched folder'], [True, 'folder', '/usr/share/backgrounds'], [False, 'flickr', 'user:www.flickr.com/photos/peter-levi/;user_id:93647178@N00;'], [False, 'apod', "NASA's Astronomy Picture of the Day"], [False, 'bing', 'Bing Photo of the Day'], [False, 'earthview', 'Google Earth View Wallpapers'], [False, 'natgeo', "National Geographic's photo of the day"], [False, 'unsplash', 'High-resolution photos from Unsplash.com']]'
INFO: 2022-08-16 12:51:02,001: log_options() 'stats_enabled = True'
INFO: 2022-08-16 12:51:02,001: log_options() 'stats_notice_shown = False'
INFO: 2022-08-16 12:51:02,001: log_options() 'sync_enabled = True'
INFO: 2022-08-16 12:51:02,001: log_options() 'use_landscape_enabled = True'
INFO: 2022-08-16 12:51:02,001: log_options() 'wallhaven_api_key = '
INFO: 2022-08-16 12:51:02,001: log_options() 'wallpaper_auto_rotate = True'
INFO: 2022-08-16 12:51:02,001: log_options() 'wallpaper_display_mode = os'
INFO: 2022-08-16 12:51:02,001: reload_config() 'No need to clear prepared queue'
INFO: 2022-08-16 12:51:02,001: update_indicator() 'Setting file info to: /usr/share/backgrounds/arcolinux/arco-wallpaper.jpg'
INFO: 2022-08-16 12:51:02,004: load_banned() 'Missing or invalid banned URLs list, no URLs will be banned'
INFO: 2022-08-16 12:51:02,004: load_last_change_time() 'Change interval < 6 hours, ignore persisted last_change_time, wait initially the whole interval: 300'
INFO: 2022-08-16 12:51:02,004: update_indicator() 'Setting file info to: /usr/share/backgrounds/arcolinux/arco-wallpaper.jpg'
INFO: 2022-08-16 12:51:02,005: regular_change_thread() 'regular_change thread running'
INFO: 2022-08-16 12:51:02,005: regular_change_thread() 'regular_change: waiting till user resumes'
INFO: 2022-08-16 12:51:02,005: prepare_thread() 'Prepare thread running'
INFO: 2022-08-16 12:51:02,006: prepare_thread() 'Prepared buffer contains 0 images'
INFO: 2022-08-16 12:51:02,006: prepare_thread() 'Preparing some images'
INFO: 2022-08-16 12:51:02,037: update_indicator_icon() 'Creating indicator'
WARNING: 2022-08-16 12:51:02,045: create_menu() 'Variety Slideshow is not installed. This is an optional extension adding pan-and-zoom slideshows to Variety: see https://github.com/peterlevi/variety-slideshow for details'
INFO: 2022-08-16 12:51:02,045: create_indicator() 'indicator backend: AppIndicator3'
INFO: 2022-08-16 12:51:02,058: set_from_theme_icon() 'Showing indicator icon variety-indicator from GTK theme'
INFO: 2022-08-16 12:51:02,072: prepare_thread() 'After search prepared buffer contains 32 images'
INFO: 2022-08-16 12:51:02,105: do_set_wp() 'Calling do_set_wp with /usr/share/backgrounds/arcolinux/arco-wallpaper.jpg, time: 1660650662.1054394'
INFO: 2022-08-16 12:51:02,107: apply_auto_rotate() 'ImageMagick auto-rotate cmd: convert /usr/share/backgrounds/arcolinux/arco-wallpaper.jpg -auto-orient /home/shatterstone/.config/variety/wallpaper/wallpaper-auto-rotated-303ecc1589f25684f65fdd3f4d22614e.jpg'
INFO: 2022-08-16 12:51:02,401: update_indicator() 'Setting file info to: /usr/share/backgrounds/arcolinux/arco-wallpaper.jpg'
INFO: 2022-08-16 12:51:03,322: reload() 'Reloading preferences dialog'
INFO: 2022-08-16 12:51:04,073: trigger_download() 'Triggering download thread to check if download needed and possible'
INFO: 2022-08-16 12:51:08,011: _check_quit() 'Terminating signal received, quitting...'
INFO: 2022-08-16 12:51:08,012: on_quit() 'Quitting'
