[2022-08-25T19:22:11.485Z] Log level: Info
[2022-08-25T19:22:11.488Z] [info] Validating found git in: git
[2022-08-25T19:22:11.504Z] [info] Using git 2.37.2 from git
[2022-08-25T19:22:11.525Z] > git rev-parse --show-toplevel [6ms]
[2022-08-25T19:22:11.568Z] > git rev-parse --git-dir --git-common-dir [33ms]
[2022-08-25T19:22:11.576Z] [info] Open repository: /home/shatterstone/Documents/fetch
[2022-08-25T19:22:11.588Z] > git status -z -uall [3ms]
[2022-08-25T19:22:11.595Z] > git symbolic-ref --short HEAD [1ms]
[2022-08-25T19:22:11.604Z] > git for-each-ref --format=%(refname)%00%(upstream:short)%00%(objectname)%00%(upstream:track)%00%(upstream:remotename)%00%(upstream:remoteref) refs/heads/main refs/remotes/main [3ms]
[2022-08-25T19:22:11.638Z] > git remote --verbose [20ms]
[2022-08-25T19:22:11.639Z] > git for-each-ref --sort -committerdate --format %(refname) %(objectname) %(*objectname) [28ms]
[2022-08-25T19:22:11.652Z] > git config --get commit.template [1ms]
[2022-08-25T19:22:11.663Z] > git status -z -uall [3ms]
[2022-08-25T19:22:11.670Z] > git symbolic-ref --short HEAD [1ms]
[2022-08-25T19:22:11.679Z] > git for-each-ref --format=%(refname)%00%(upstream:short)%00%(objectname)%00%(upstream:track)%00%(upstream:remotename)%00%(upstream:remoteref) refs/heads/main refs/remotes/main [2ms]
[2022-08-25T19:22:11.691Z] > git for-each-ref --sort -committerdate --format %(refname) %(objectname) %(*objectname) [7ms]
[2022-08-25T19:22:11.691Z] > git remote --verbose [1ms]
[2022-08-25T19:22:11.701Z] > git config --get commit.template [2ms]
[2022-08-25T19:22:12.129Z] > git check-ignore -v -z --stdin [1ms]
[2022-08-25T19:22:31.580Z] > git rev-parse --show-toplevel [2ms]
[2022-08-25T19:22:31.592Z] > git rev-parse --git-dir --git-common-dir [2ms]
[2022-08-25T19:22:31.596Z] [info] Open repository: /home/shatterstone
[2022-08-25T19:22:31.912Z] > git show --textconv :.config/starship.toml [34ms]
[2022-08-25T19:22:31.933Z] > git ls-files --stage -- /home/shatterstone/.config/starship.toml [45ms]
[2022-08-25T19:22:32.355Z] > git check-ignore -v -z --stdin [1ms]
[2022-08-25T19:22:32.356Z] > git check-ignore -v -z --stdin [9ms]
[2022-08-25T19:22:42.471Z] > git status -z -uall [10865ms]
[2022-08-25T19:22:42.480Z] > git symbolic-ref --short HEAD [2ms]
[2022-08-25T19:22:42.489Z] > git for-each-ref --format=%(refname)%00%(upstream:short)%00%(objectname)%00%(upstream:track)%00%(upstream:remotename)%00%(upstream:remoteref) refs/heads/main refs/remotes/main [2ms]
[2022-08-25T19:22:42.504Z] > git for-each-ref --sort -committerdate --format %(refname) %(objectname) %(*objectname) [8ms]
[2022-08-25T19:22:42.505Z] > git remote --verbose [2ms]
[2022-08-25T19:22:42.648Z] > git config --get commit.template [1ms]
[2022-08-25T19:22:54.679Z] > git status -z -uall [9267ms]
[2022-08-25T19:22:54.688Z] > git symbolic-ref --short HEAD [2ms]
[2022-08-25T19:22:54.695Z] > git for-each-ref --format=%(refname)%00%(upstream:short)%00%(objectname)%00%(upstream:track)%00%(upstream:remotename)%00%(upstream:remoteref) refs/heads/main refs/remotes/main [2ms]
[2022-08-25T19:22:54.703Z] > git for-each-ref --sort -committerdate --format %(refname) %(objectname) %(*objectname) [4ms]
[2022-08-25T19:22:54.704Z] > git remote --verbose [2ms]
[2022-08-25T19:22:54.747Z] > git config --get commit.template [0ms]
[2022-08-25T19:24:02.222Z] > git status -z -uall [9128ms]
[2022-08-25T19:24:02.231Z] > git symbolic-ref --short HEAD [2ms]
[2022-08-25T19:24:02.240Z] > git for-each-ref --format=%(refname)%00%(upstream:short)%00%(objectname)%00%(upstream:track)%00%(upstream:remotename)%00%(upstream:remoteref) refs/heads/main refs/remotes/main [1ms]
[2022-08-25T19:24:02.257Z] > git remote --verbose [3ms]
[2022-08-25T19:24:02.258Z] > git for-each-ref --sort -committerdate --format %(refname) %(objectname) %(*objectname) [10ms]
[2022-08-25T19:24:02.328Z] > git config --get commit.template [1ms]
[2022-08-25T19:24:16.334Z] > git status -z -uall [8989ms]
[2022-08-25T19:24:16.343Z] > git symbolic-ref --short HEAD [3ms]
[2022-08-25T19:24:16.349Z] > git for-each-ref --format=%(refname)%00%(upstream:short)%00%(objectname)%00%(upstream:track)%00%(upstream:remotename)%00%(upstream:remoteref) refs/heads/main refs/remotes/main [0ms]
[2022-08-25T19:24:16.361Z] > git remote --verbose [2ms]
[2022-08-25T19:24:16.361Z] > git for-each-ref --sort -committerdate --format %(refname) %(objectname) %(*objectname) [7ms]
[2022-08-25T19:24:16.434Z] > git config --get commit.template [3ms]
[2022-08-25T19:24:33.654Z] > git status -z -uall [9033ms]
[2022-08-25T19:24:33.665Z] > git symbolic-ref --short HEAD [1ms]
[2022-08-25T19:24:33.674Z] > git for-each-ref --format=%(refname)%00%(upstream:short)%00%(objectname)%00%(upstream:track)%00%(upstream:remotename)%00%(upstream:remoteref) refs/heads/main refs/remotes/main [2ms]
[2022-08-25T19:24:33.690Z] > git remote --verbose [1ms]
[2022-08-25T19:24:33.691Z] > git for-each-ref --sort -committerdate --format %(refname) %(objectname) %(*objectname) [9ms]
[2022-08-25T19:24:33.769Z] > git config --get commit.template [1ms]
[2022-08-25T19:24:47.865Z] > git status -z -uall [9082ms]
[2022-08-25T19:24:47.873Z] > git symbolic-ref --short HEAD [1ms]
[2022-08-25T19:24:47.881Z] > git for-each-ref --format=%(refname)%00%(upstream:short)%00%(objectname)%00%(upstream:track)%00%(upstream:remotename)%00%(upstream:remoteref) refs/heads/main refs/remotes/main [0ms]
[2022-08-25T19:24:47.897Z] > git remote --verbose [2ms]
[2022-08-25T19:24:47.898Z] > git for-each-ref --sort -committerdate --format %(refname) %(objectname) %(*objectname) [9ms]
[2022-08-25T19:24:47.981Z] > git config --get commit.template [1ms]
[2022-08-25T19:25:05.310Z] > git status -z -uall [9108ms]
[2022-08-25T19:25:05.320Z] > git symbolic-ref --short HEAD [1ms]
[2022-08-25T19:25:05.330Z] > git for-each-ref --format=%(refname)%00%(upstream:short)%00%(objectname)%00%(upstream:track)%00%(upstream:remotename)%00%(upstream:remoteref) refs/heads/main refs/remotes/main [1ms]
[2022-08-25T19:25:05.346Z] > git remote --verbose [2ms]
[2022-08-25T19:25:05.346Z] > git for-each-ref --sort -committerdate --format %(refname) %(objectname) %(*objectname) [9ms]
[2022-08-25T19:25:05.417Z] > git config --get commit.template [3ms]
[2022-08-25T19:25:24.654Z] > git status -z -uall [9087ms]
[2022-08-25T19:25:24.663Z] > git symbolic-ref --short HEAD [1ms]
[2022-08-25T19:25:24.672Z] > git for-each-ref --format=%(refname)%00%(upstream:short)%00%(objectname)%00%(upstream:track)%00%(upstream:remotename)%00%(upstream:remoteref) refs/heads/main refs/remotes/main [1ms]
[2022-08-25T19:25:24.690Z] > git remote --verbose [3ms]
[2022-08-25T19:25:24.690Z] > git for-each-ref --sort -committerdate --format %(refname) %(objectname) %(*objectname) [10ms]
[2022-08-25T19:25:24.778Z] > git config --get commit.template [4ms]
[2022-08-25T19:25:38.724Z] > git status -z -uall [8928ms]
[2022-08-25T19:25:38.734Z] > git symbolic-ref --short HEAD [1ms]
[2022-08-25T19:25:38.743Z] > git for-each-ref --format=%(refname)%00%(upstream:short)%00%(objectname)%00%(upstream:track)%00%(upstream:remotename)%00%(upstream:remoteref) refs/heads/main refs/remotes/main [1ms]
[2022-08-25T19:25:38.762Z] > git for-each-ref --sort -committerdate --format %(refname) %(objectname) %(*objectname) [10ms]
[2022-08-25T19:25:38.763Z] > git remote --verbose [2ms]
[2022-08-25T19:25:38.840Z] > git config --get commit.template [1ms]
[2022-08-25T19:25:52.448Z] > git status -z -uall [8591ms]
[2022-08-25T19:25:52.456Z] > git symbolic-ref --short HEAD [1ms]
[2022-08-25T19:25:52.465Z] > git for-each-ref --format=%(refname)%00%(upstream:short)%00%(objectname)%00%(upstream:track)%00%(upstream:remotename)%00%(upstream:remoteref) refs/heads/main refs/remotes/main [1ms]
[2022-08-25T19:25:52.477Z] > git for-each-ref --sort -committerdate --format %(refname) %(objectname) %(*objectname) [6ms]
[2022-08-25T19:25:52.477Z] > git remote --verbose [1ms]
[2022-08-25T19:25:52.516Z] > git config --get commit.template [1ms]
[2022-08-25T19:26:06.538Z] > git status -z -uall [9007ms]
[2022-08-25T19:26:06.547Z] > git symbolic-ref --short HEAD [2ms]
[2022-08-25T19:26:06.555Z] > git for-each-ref --format=%(refname)%00%(upstream:short)%00%(objectname)%00%(upstream:track)%00%(upstream:remotename)%00%(upstream:remoteref) refs/heads/main refs/remotes/main [1ms]
[2022-08-25T19:26:06.574Z] > git remote --verbose [4ms]
[2022-08-25T19:26:06.574Z] > git for-each-ref --sort -committerdate --format %(refname) %(objectname) %(*objectname) [12ms]
[2022-08-25T19:26:06.659Z] > git config --get commit.template [3ms]
[2022-08-25T19:26:37.606Z] > git status -z -uall [9026ms]
[2022-08-25T19:26:37.613Z] > git symbolic-ref --short HEAD [1ms]
[2022-08-25T19:26:37.622Z] > git for-each-ref --format=%(refname)%00%(upstream:short)%00%(objectname)%00%(upstream:track)%00%(upstream:remotename)%00%(upstream:remoteref) refs/heads/main refs/remotes/main [1ms]
[2022-08-25T19:26:37.637Z] > git remote --verbose [1ms]
[2022-08-25T19:26:37.637Z] > git for-each-ref --sort -committerdate --format %(refname) %(objectname) %(*objectname) [8ms]
[2022-08-25T19:26:37.726Z] > git config --get commit.template [6ms]
[2022-08-25T19:27:31.540Z] > git status -z -uall [9115ms]
[2022-08-25T19:27:31.549Z] > git symbolic-ref --short HEAD [2ms]
[2022-08-25T19:27:31.557Z] > git for-each-ref --format=%(refname)%00%(upstream:short)%00%(objectname)%00%(upstream:track)%00%(upstream:remotename)%00%(upstream:remoteref) refs/heads/main refs/remotes/main [2ms]
[2022-08-25T19:27:31.569Z] > git for-each-ref --sort -committerdate --format %(refname) %(objectname) %(*objectname) [6ms]
[2022-08-25T19:27:31.570Z] > git remote --verbose [1ms]
[2022-08-25T19:27:31.633Z] > git config --get commit.template [0ms]
[2022-08-25T19:27:52.474Z] > git status -z -uall [2ms]
[2022-08-25T19:27:53.173Z] > git check-ignore -v -z --stdin [2ms]
[2022-08-25T19:33:05.241Z] > git rev-parse --show-toplevel [2ms]
[2022-08-25T19:33:05.241Z] fatal: not a git repository (or any of the parent directories): .git
[2022-08-25T19:33:20.328Z] > git rev-parse --show-toplevel [5ms]
[2022-08-25T19:33:20.328Z] fatal: not a git repository (or any of the parent directories): .git
[2022-08-25T19:33:57.408Z] > git rev-parse --show-toplevel [9ms]
[2022-08-25T19:33:57.408Z] fatal: not a git repository (or any of the parent directories): .git
[2022-08-25T19:34:01.843Z] > git rev-parse --show-toplevel [11ms]
[2022-08-25T19:34:01.843Z] fatal: not a git repository (or any of the parent directories): .git
