[2022-06-15 11:40:00.010] [info]  Deleting read articles
[2022-06-15 11:40:00.029] [info]  No feeds to process
[2022-06-15 11:45:00.006] [info]  No feeds to process
[2022-06-15 11:45:00.014] [info]  Deleting read articles
[2022-06-15 11:47:41.844] [info]  {
  message: 'request to https://quantamagazine-org/feed failed, reason: getaddrinfo ENOTFOUND quantamagazine-org',
  type: 'system',
  errno: 'ENOTFOUND',
  code: 'ENOTFOUND'
}
[2022-06-15 11:47:43.274] [info]  {
  message: 'request to https://quantamagazine-org/feed failed, reason: getaddrinfo ENOTFOUND quantamagazine-org',
  type: 'system',
  errno: 'ENOTFOUND',
  code: 'ENOTFOUND'
}
[2022-06-15 11:47:45.881] [info]  {
  message: 'request to https://quantamagazine-org/rss failed, reason: getaddrinfo ENOTFOUND quantamagazine-org',
  type: 'system',
  errno: 'ENOTFOUND',
  code: 'ENOTFOUND'
}
[2022-06-15 11:50:00.005] [info]  Deleting read articles
[2022-06-15 11:50:00.012] [info]  Processing 2 feeds
[2022-06-15 11:50:00.607] [info]  Refreshing feeds
[2022-06-15 11:50:00.607] [info]  Nothing to refresh
[2022-06-15 11:55:00.018] [info]  Processing 10 feeds
[2022-06-15 11:55:00.034] [info]  Deleting read articles
[2022-06-15 11:55:00.807] [info]  Refreshing feeds
[2022-06-15 11:56:01.425] [info]  Error: t is not a function
    at processTicksAndRejections (node:internal/process/task_queues:96:5)
[2022-06-15 11:56:01.438] [info]  Error: Response code 404 (Not Found)
    at processTicksAndRejections (node:internal/process/task_queues:96:5)
[2022-06-15 12:00:00.017] [info]  Deleting read articles
[2022-06-15 12:00:00.025] [info]  Processing 21 feeds
[2022-06-15 12:00:05.024] [info]  Refreshing feeds
[2022-06-15 12:05:00.014] [info]  Processing 32 feeds
[2022-06-15 12:05:00.038] [info]  Deleting read articles
[2022-06-15 12:05:01.455] [info]  Refreshing feeds
[2022-06-15 12:05:15.486] [info]  Error: t is not a function
    at processTicksAndRejections (node:internal/process/task_queues:96:5)
[2022-06-15 12:05:15.500] [info]  Error: Response code 404 (Not Found)
    at processTicksAndRejections (node:internal/process/task_queues:96:5)
[2022-06-15 12:05:34.705] [info]  {
  message: 'request to http://showerthoughts/ failed, reason: getaddrinfo ENOTFOUND showerthoughts',
  type: 'system',
  errno: 'ENOTFOUND',
  code: 'ENOTFOUND'
}
[2022-06-15 12:10:00.017] [info]  Deleting read articles
[2022-06-15 12:10:00.031] [info]  Processing 42 feeds
[2022-06-15 12:10:01.933] [info]  Refreshing feeds
[2022-06-15 12:15:00.007] [info]  Processing 42 feeds
[2022-06-15 12:15:00.025] [info]  Deleting read articles
[2022-06-15 12:15:04.959] [info]  Refreshing feeds
[2022-06-15 12:20:00.011] [info]  Deleting read articles
[2022-06-15 12:20:00.033] [info]  Processing 42 feeds
[2022-06-15 12:20:01.898] [info]  Refreshing feeds
[2022-06-15 12:25:00.005] [info]  Processing 42 feeds
[2022-06-15 12:25:00.022] [info]  Deleting read articles
[2022-06-15 12:25:01.642] [info]  Refreshing feeds
[2022-06-15 12:30:00.007] [info]  Deleting read articles
[2022-06-15 12:30:00.030] [info]  Processing 42 feeds
[2022-06-15 12:30:05.214] [info]  Refreshing feeds
[2022-06-15 12:35:00.005] [info]  Processing 42 feeds
[2022-06-15 12:35:00.021] [info]  Deleting read articles
[2022-06-15 12:35:01.900] [info]  Refreshing feeds
[2022-06-15 12:40:00.010] [info]  Deleting read articles
[2022-06-15 12:40:00.025] [info]  Processing 42 feeds
[2022-06-15 12:40:06.263] [info]  Refreshing feeds
[2022-06-15 12:45:00.004] [info]  Processing 42 feeds
[2022-06-15 12:45:00.018] [info]  Deleting read articles
[2022-06-15 12:45:04.901] [info]  Refreshing feeds
[2022-06-15 12:50:00.006] [info]  Deleting read articles
[2022-06-15 12:50:00.028] [info]  Processing 42 feeds
[2022-06-15 12:50:01.806] [info]  Refreshing feeds
[2022-06-15 12:55:00.006] [info]  Processing 42 feeds
[2022-06-15 12:55:00.036] [info]  Deleting read articles
[2022-06-15 12:55:01.702] [info]  Refreshing feeds
[2022-06-15 13:00:00.008] [info]  Deleting read articles
[2022-06-15 13:00:00.023] [info]  Processing 42 feeds
[2022-06-15 13:00:02.366] [info]  Refreshing feeds
[2022-06-15 13:05:00.043] [info]  Processing 42 feeds
[2022-06-15 13:05:00.097] [info]  Deleting read articles
[2022-06-15 13:05:04.371] [info]  Refreshing feeds
[2022-06-18 16:06:37.242] [info]  Refreshing feeds
[2022-06-18 16:10:00.008] [info]  Deleting read articles
[2022-06-18 16:10:00.044] [info]  Processing 42 feeds
[2022-06-18 16:10:06.311] [info]  Refreshing feeds
[2022-06-18 16:15:00.005] [info]  Processing 42 feeds
[2022-06-18 16:15:00.033] [info]  Deleting read articles
[2022-06-18 16:15:02.139] [info]  Refreshing feeds
[2022-06-18 16:20:00.013] [info]  Deleting read articles
[2022-06-18 16:20:00.022] [info]  Processing 42 feeds
[2022-06-18 16:20:05.112] [info]  Refreshing feeds
[2022-06-18 16:25:00.006] [info]  Processing 42 feeds
[2022-06-18 16:25:00.037] [info]  Deleting read articles
[2022-06-18 16:25:01.924] [info]  Refreshing feeds
[2022-06-18 16:30:00.006] [info]  Deleting read articles
[2022-06-18 16:30:00.024] [info]  Processing 42 feeds
[2022-06-18 16:30:01.845] [info]  Refreshing feeds
[2022-06-18 16:35:00.004] [info]  Processing 42 feeds
[2022-06-18 16:35:00.021] [info]  Deleting read articles
[2022-06-18 16:35:06.047] [info]  Refreshing feeds
[2022-06-18 16:40:00.009] [info]  Deleting read articles
[2022-06-18 16:40:00.025] [info]  Processing 42 feeds
[2022-06-18 16:40:02.538] [info]  Refreshing feeds
[2022-06-18 16:45:00.003] [info]  Processing 42 feeds
[2022-06-18 16:45:00.093] [info]  Deleting read articles
[2022-06-18 16:45:03.327] [info]  Refreshing feeds
[2022-06-18 16:50:00.030] [info]  Deleting read articles
[2022-06-18 16:50:00.076] [info]  Processing 42 feeds
[2022-06-18 16:50:05.777] [info]  Refreshing feeds
[2022-06-18 16:55:00.020] [info]  Processing 42 feeds
[2022-06-18 16:55:00.036] [info]  Deleting read articles
[2022-06-18 16:55:02.939] [info]  Refreshing feeds
[2022-06-18 17:00:00.012] [info]  Deleting read articles
[2022-06-18 17:00:00.022] [info]  Processing 42 feeds
[2022-06-18 17:00:01.922] [info]  Refreshing feeds
[2022-06-18 17:05:00.004] [info]  Processing 42 feeds
[2022-06-18 17:05:00.017] [info]  Deleting read articles
[2022-06-18 17:05:07.113] [info]  Refreshing feeds
[2022-06-18 17:10:00.004] [info]  Deleting read articles
[2022-06-18 17:10:00.014] [info]  Processing 42 feeds
[2022-06-18 17:10:03.148] [info]  Refreshing feeds
[2022-06-18 17:15:00.002] [info]  Processing 42 feeds
[2022-06-18 17:15:00.010] [info]  Deleting read articles
[2022-06-18 17:15:02.587] [info]  Refreshing feeds
[2022-06-18 17:20:00.008] [info]  Deleting read articles
[2022-06-18 17:20:00.025] [info]  Processing 42 feeds
[2022-06-18 17:20:04.971] [info]  Refreshing feeds
[2022-06-18 17:25:00.005] [info]  Processing 42 feeds
[2022-06-18 17:25:00.018] [info]  Deleting read articles
[2022-06-18 17:25:01.530] [info]  Refreshing feeds
[2022-06-18 17:30:00.003] [info]  Deleting read articles
[2022-06-18 17:30:00.009] [info]  Processing 42 feeds
[2022-06-18 17:30:01.641] [info]  Refreshing feeds
[2022-06-18 17:35:00.006] [info]  Processing 42 feeds
[2022-06-18 17:35:00.026] [info]  Deleting read articles
[2022-06-18 17:35:06.101] [info]  Refreshing feeds
[2022-06-18 17:40:00.008] [info]  Deleting read articles
[2022-06-18 17:40:00.017] [info]  Processing 42 feeds
[2022-06-18 17:40:01.477] [info]  Refreshing feeds
[2022-06-18 17:45:00.006] [info]  Processing 42 feeds
[2022-06-18 17:45:00.025] [info]  Deleting read articles
[2022-06-18 17:45:01.827] [info]  Refreshing feeds
[2022-06-18 17:50:00.002] [info]  Deleting read articles
[2022-06-18 17:50:00.012] [info]  Processing 42 feeds
[2022-06-18 17:50:01.642] [info]  Refreshing feeds
[2022-06-18 17:55:00.003] [info]  Processing 42 feeds
[2022-06-18 17:55:00.012] [info]  Deleting read articles
[2022-06-18 17:55:05.622] [info]  Refreshing feeds
[2022-06-18 18:00:00.005] [info]  Deleting read articles
[2022-06-18 18:00:00.011] [info]  Processing 42 feeds
[2022-06-18 18:00:01.527] [info]  Refreshing feeds
[2022-06-18 18:05:00.004] [info]  Processing 42 feeds
[2022-06-18 18:05:00.014] [info]  Deleting read articles
[2022-06-18 18:05:01.807] [info]  Refreshing feeds
[2022-06-18 18:10:00.004] [info]  Deleting read articles
[2022-06-18 18:10:00.013] [info]  Processing 42 feeds
[2022-06-18 18:10:10.831] [info]  Refreshing feeds
[2022-06-18 18:15:00.001] [info]  Processing 42 feeds
[2022-06-18 18:15:00.008] [info]  Deleting read articles
[2022-06-18 18:15:01.672] [info]  Refreshing feeds
[2022-06-18 18:20:00.006] [info]  Deleting read articles
[2022-06-18 18:20:00.016] [info]  Processing 42 feeds
[2022-06-18 18:20:05.556] [info]  Refreshing feeds
[2022-06-18 18:25:00.002] [info]  Processing 42 feeds
[2022-06-18 18:25:00.011] [info]  Deleting read articles
[2022-06-18 18:25:01.766] [info]  Refreshing feeds
[2022-06-18 18:30:00.004] [info]  Deleting read articles
[2022-06-18 18:30:00.013] [info]  Processing 42 feeds
[2022-06-18 18:30:01.612] [info]  Refreshing feeds
[2022-06-18 18:35:00.002] [info]  Processing 42 feeds
[2022-06-18 18:35:00.011] [info]  Deleting read articles
[2022-06-18 18:35:05.229] [info]  Refreshing feeds
[2022-06-18 18:40:00.007] [info]  Deleting read articles
[2022-06-18 18:40:00.017] [info]  Processing 42 feeds
[2022-06-18 18:40:01.582] [info]  Refreshing feeds
[2022-06-18 18:45:00.004] [info]  Processing 42 feeds
[2022-06-18 18:45:00.024] [info]  Deleting read articles
[2022-06-18 18:45:02.020] [info]  Refreshing feeds
[2022-06-18 18:50:00.004] [info]  Deleting read articles
[2022-06-18 18:50:00.016] [info]  Processing 42 feeds
[2022-06-18 18:50:02.340] [info]  Refreshing feeds
[2022-06-18 18:55:00.004] [info]  Processing 42 feeds
[2022-06-18 18:55:00.017] [info]  Deleting read articles
[2022-06-18 18:55:01.984] [info]  Refreshing feeds
[2022-06-18 19:00:00.006] [info]  Deleting read articles
[2022-06-18 19:00:00.011] [info]  Processing 42 feeds
[2022-06-18 19:00:01.744] [info]  Refreshing feeds
[2022-06-18 19:05:00.005] [info]  Processing 42 feeds
[2022-06-18 19:05:00.025] [info]  Deleting read articles
[2022-06-18 19:05:05.808] [info]  Refreshing feeds
[2022-06-18 19:10:00.002] [info]  Deleting read articles
[2022-06-18 19:10:00.006] [info]  Processing 42 feeds
[2022-06-18 19:10:05.060] [info]  Refreshing feeds
[2022-06-18 19:15:00.005] [info]  Processing 42 feeds
[2022-06-18 19:15:00.018] [info]  Deleting read articles
[2022-06-18 19:15:01.839] [info]  Refreshing feeds
[2022-06-18 19:20:00.005] [info]  Deleting read articles
[2022-06-18 19:20:00.009] [info]  Processing 42 feeds
[2022-06-18 19:20:02.321] [info]  Refreshing feeds
[2022-06-18 19:25:00.002] [info]  Processing 42 feeds
[2022-06-18 19:25:00.011] [info]  Deleting read articles
[2022-06-18 19:25:06.308] [info]  Refreshing feeds
[2022-06-18 19:30:00.003] [info]  Deleting read articles
[2022-06-18 19:30:00.013] [info]  Processing 42 feeds
[2022-06-18 19:30:03.758] [info]  Refreshing feeds
[2022-06-18 19:35:00.002] [info]  Processing 42 feeds
[2022-06-18 19:35:00.015] [info]  Deleting read articles
[2022-06-18 19:35:05.386] [info]  Refreshing feeds
[2022-06-18 19:40:00.007] [info]  Deleting read articles
[2022-06-18 19:40:00.016] [info]  Processing 42 feeds
[2022-06-18 19:40:01.841] [info]  Refreshing feeds
[2022-06-18 19:45:00.002] [info]  Processing 42 feeds
[2022-06-18 19:45:00.011] [info]  Deleting read articles
[2022-06-18 19:45:01.937] [info]  Refreshing feeds
[2022-06-18 19:50:00.002] [info]  Deleting read articles
[2022-06-18 19:50:00.012] [info]  Processing 42 feeds
[2022-06-18 19:50:05.809] [info]  Refreshing feeds
[2022-06-18 19:55:00.002] [info]  Processing 42 feeds
[2022-06-18 19:55:00.018] [info]  Deleting read articles
[2022-06-18 19:55:01.859] [info]  Refreshing feeds
[2022-06-18 20:00:00.007] [info]  Deleting read articles
[2022-06-18 20:00:00.016] [info]  Processing 42 feeds
[2022-06-18 20:00:02.883] [info]  Refreshing feeds
[2022-06-18 20:05:00.003] [info]  Processing 42 feeds
[2022-06-18 20:05:00.012] [info]  Deleting read articles
[2022-06-18 20:05:06.595] [info]  Refreshing feeds
[2022-06-18 20:10:00.003] [info]  Deleting read articles
[2022-06-18 20:10:00.013] [info]  Processing 42 feeds
[2022-06-18 20:10:02.676] [info]  Refreshing feeds
[2022-06-18 20:15:00.002] [info]  Processing 42 feeds
[2022-06-18 20:15:00.009] [info]  Deleting read articles
[2022-06-18 20:15:01.818] [info]  Refreshing feeds
[2022-06-18 20:20:00.006] [info]  Deleting read articles
[2022-06-18 20:20:00.023] [info]  Processing 42 feeds
[2022-06-18 20:20:02.879] [info]  Refreshing feeds
[2022-06-18 20:25:00.004] [info]  Processing 42 feeds
[2022-06-18 20:25:00.013] [info]  Deleting read articles
[2022-06-18 20:25:02.871] [info]  Refreshing feeds
[2022-06-18 20:30:00.003] [info]  Deleting read articles
[2022-06-18 20:30:00.012] [info]  Processing 42 feeds
[2022-06-18 20:30:01.783] [info]  Refreshing feeds
[2022-06-18 20:35:00.005] [info]  Processing 42 feeds
[2022-06-18 20:35:00.021] [info]  Deleting read articles
[2022-06-18 20:35:05.785] [info]  Refreshing feeds
[2022-06-18 20:40:00.006] [info]  Deleting read articles
[2022-06-18 20:40:00.016] [info]  Processing 42 feeds
[2022-06-18 20:40:02.543] [info]  Refreshing feeds
[2022-06-18 20:45:00.002] [info]  Processing 42 feeds
[2022-06-18 20:45:00.009] [info]  Deleting read articles
[2022-06-18 20:45:02.926] [info]  Refreshing feeds
[2022-06-18 20:50:00.004] [info]  Deleting read articles
[2022-06-18 20:50:00.013] [info]  Processing 42 feeds
[2022-06-18 20:50:05.333] [info]  Refreshing feeds
[2022-06-18 20:55:00.003] [info]  Processing 42 feeds
[2022-06-18 20:55:00.013] [info]  Deleting read articles
[2022-06-18 20:55:01.760] [info]  Refreshing feeds
[2022-06-18 21:00:00.006] [info]  Deleting read articles
[2022-06-18 21:00:00.016] [info]  Processing 42 feeds
[2022-06-18 21:00:02.925] [info]  Refreshing feeds
[2022-06-18 21:05:00.002] [info]  Processing 42 feeds
[2022-06-18 21:05:00.011] [info]  Deleting read articles
[2022-06-18 21:05:01.996] [info]  Refreshing feeds
[2022-06-18 21:10:00.002] [info]  Deleting read articles
[2022-06-18 21:10:00.006] [info]  Processing 42 feeds
[2022-06-18 21:10:03.412] [info]  Refreshing feeds
[2022-06-18 21:15:00.003] [info]  Processing 42 feeds
[2022-06-18 21:15:00.014] [info]  Deleting read articles
[2022-06-18 21:15:02.378] [info]  Refreshing feeds
[2022-06-18 21:20:00.007] [info]  Deleting read articles
[2022-06-18 21:20:00.022] [info]  Processing 42 feeds
[2022-06-18 21:20:03.964] [info]  Refreshing feeds
[2022-06-18 21:25:00.002] [info]  Processing 42 feeds
[2022-06-18 21:25:00.017] [info]  Deleting read articles
[2022-06-18 21:25:05.671] [info]  Refreshing feeds
[2022-06-18 21:30:00.005] [info]  Deleting read articles
[2022-06-18 21:30:00.026] [info]  Processing 42 feeds
[2022-06-18 21:30:02.679] [info]  Refreshing feeds
[2022-06-18 21:35:00.003] [info]  Processing 42 feeds
[2022-06-18 21:35:00.016] [info]  Deleting read articles
[2022-06-18 21:35:01.869] [info]  Refreshing feeds
[2022-06-18 21:40:00.007] [info]  Deleting read articles
[2022-06-18 21:40:00.016] [info]  Processing 42 feeds
[2022-06-18 21:40:03.018] [info]  Refreshing feeds
[2022-06-18 21:45:00.002] [info]  Processing 42 feeds
[2022-06-18 21:45:00.013] [info]  Deleting read articles
[2022-06-18 21:45:02.447] [info]  Refreshing feeds
[2022-06-18 21:50:00.002] [info]  Deleting read articles
[2022-06-18 21:50:00.006] [info]  Processing 42 feeds
[2022-06-18 21:50:05.502] [info]  Refreshing feeds
[2022-06-18 21:55:00.004] [info]  Processing 42 feeds
[2022-06-18 21:55:00.025] [info]  Deleting read articles
[2022-06-18 21:55:01.902] [info]  Refreshing feeds
[2022-06-18 22:00:00.006] [info]  Deleting read articles
[2022-06-18 22:00:00.012] [info]  Processing 42 feeds
[2022-06-18 22:00:02.077] [info]  Refreshing feeds
[2022-06-18 22:05:00.005] [info]  Processing 42 feeds
[2022-06-18 22:05:00.021] [info]  Deleting read articles
[2022-06-18 22:05:05.985] [info]  Refreshing feeds
[2022-06-18 22:05:05.986] [info]  Nothing to refresh
[2022-06-18 22:10:00.002] [info]  Deleting read articles
[2022-06-18 22:10:00.005] [info]  Processing 42 feeds
[2022-06-18 22:10:02.772] [info]  Refreshing feeds
[2022-06-18 22:15:00.003] [info]  Processing 42 feeds
[2022-06-18 22:15:00.012] [info]  Deleting read articles
[2022-06-18 22:15:01.953] [info]  Refreshing feeds
[2022-06-18 22:20:00.005] [info]  Deleting read articles
[2022-06-18 22:20:00.009] [info]  Processing 42 feeds
[2022-06-18 22:20:05.757] [info]  Refreshing feeds
[2022-06-18 22:25:00.003] [info]  Processing 42 feeds
[2022-06-18 22:25:00.012] [info]  Deleting read articles
[2022-06-18 22:25:02.124] [info]  Refreshing feeds
[2022-06-18 22:30:00.004] [info]  Deleting read articles
[2022-06-18 22:30:00.014] [info]  Processing 42 feeds
[2022-06-18 22:30:02.197] [info]  Refreshing feeds
[2022-06-18 22:35:00.003] [info]  Processing 42 feeds
[2022-06-18 22:35:00.009] [info]  Deleting read articles
[2022-06-18 22:35:06.051] [info]  Refreshing feeds
[2022-06-18 22:40:00.006] [info]  Deleting read articles
[2022-06-18 22:40:00.016] [info]  Processing 42 feeds
[2022-06-18 22:40:02.386] [info]  Refreshing feeds
[2022-06-18 22:45:00.004] [info]  Processing 42 feeds
[2022-06-18 22:45:00.013] [info]  Deleting read articles
[2022-06-18 22:45:02.396] [info]  Refreshing feeds
[2022-06-18 22:50:00.001] [info]  Deleting read articles
[2022-06-18 22:50:00.005] [info]  Processing 42 feeds
[2022-06-18 22:50:02.629] [info]  Refreshing feeds
[2022-06-18 22:55:00.003] [info]  Processing 42 feeds
[2022-06-18 22:55:00.012] [info]  Deleting read articles
[2022-06-18 22:55:03.215] [info]  Refreshing feeds
[2022-06-18 23:00:00.009] [info]  Deleting read articles
[2022-06-18 23:00:00.029] [info]  Processing 42 feeds
[2022-06-18 23:00:06.292] [info]  Refreshing feeds
[2022-06-18 23:05:00.002] [info]  Processing 42 feeds
[2022-06-18 23:05:00.011] [info]  Deleting read articles
[2022-06-18 23:05:02.462] [info]  Refreshing feeds
[2022-06-18 23:10:00.004] [info]  Deleting read articles
[2022-06-18 23:10:00.027] [info]  Processing 42 feeds
[2022-06-18 23:10:01.954] [info]  Refreshing feeds
[2022-06-18 23:15:00.003] [info]  Processing 42 feeds
[2022-06-18 23:15:00.012] [info]  Deleting read articles
[2022-06-18 23:15:01.850] [info]  Refreshing feeds
[2022-06-18 23:20:00.006] [info]  Deleting read articles
[2022-06-18 23:20:00.012] [info]  Processing 42 feeds
[2022-06-18 23:20:02.868] [info]  Refreshing feeds
[2022-06-18 23:25:00.003] [info]  Processing 42 feeds
[2022-06-18 23:25:00.013] [info]  Deleting read articles
[2022-06-18 23:25:05.799] [info]  Refreshing feeds
[2022-06-18 23:30:00.001] [info]  Deleting read articles
[2022-06-18 23:30:00.007] [info]  Processing 42 feeds
[2022-06-18 23:30:01.883] [info]  Refreshing feeds
[2022-06-18 23:35:00.004] [info]  Processing 42 feeds
[2022-06-18 23:35:00.013] [info]  Deleting read articles
[2022-06-18 23:35:04.822] [info]  Refreshing feeds
[2022-06-18 23:40:00.006] [info]  Deleting read articles
[2022-06-18 23:40:00.010] [info]  Processing 42 feeds
[2022-06-18 23:40:01.835] [info]  Refreshing feeds
[2022-06-18 23:45:00.003] [info]  Processing 42 feeds
[2022-06-18 23:45:00.013] [info]  Deleting read articles
[2022-06-18 23:45:02.623] [info]  Refreshing feeds
[2022-06-18 23:50:00.003] [info]  Deleting read articles
[2022-06-18 23:50:00.013] [info]  Processing 42 feeds
[2022-06-18 23:50:01.944] [info]  Refreshing feeds
[2022-06-18 23:55:00.002] [info]  Processing 42 feeds
[2022-06-18 23:55:00.009] [info]  Deleting read articles
[2022-06-18 23:55:03.556] [info]  Refreshing feeds
[2022-06-19 00:00:00.009] [info]  Deleting read articles
[2022-06-19 00:00:00.027] [info]  Processing 42 feeds
[2022-06-19 00:00:02.038] [info]  Refreshing feeds
[2022-06-19 00:05:00.002] [info]  Processing 42 feeds
[2022-06-19 00:05:00.015] [info]  Deleting read articles
[2022-06-19 00:05:02.347] [info]  Refreshing feeds
[2022-06-19 00:10:00.002] [info]  Deleting read articles
[2022-06-19 00:10:00.015] [info]  Processing 42 feeds
[2022-06-19 00:10:02.178] [info]  Refreshing feeds
[2022-06-19 00:10:02.179] [info]  Nothing to refresh
[2022-06-19 00:15:00.002] [info]  Processing 42 feeds
[2022-06-19 00:15:00.008] [info]  Deleting read articles
[2022-06-19 00:15:02.200] [info]  Refreshing feeds
[2022-06-19 00:20:00.006] [info]  Deleting read articles
[2022-06-19 00:20:00.016] [info]  Processing 42 feeds
[2022-06-19 00:20:06.176] [info]  Refreshing feeds
[2022-06-19 00:20:06.177] [info]  Nothing to refresh
[2022-06-19 00:25:00.001] [info]  Processing 42 feeds
[2022-06-19 00:25:00.008] [info]  Deleting read articles
[2022-06-19 00:25:02.191] [info]  Refreshing feeds
[2022-06-19 00:30:00.002] [info]  Deleting read articles
[2022-06-19 00:30:00.012] [info]  Processing 42 feeds
[2022-06-19 00:30:02.135] [info]  Refreshing feeds
[2022-06-19 00:35:00.002] [info]  Processing 42 feeds
[2022-06-19 00:35:00.009] [info]  Deleting read articles
[2022-06-19 00:35:05.102] [info]  Refreshing feeds
[2022-06-19 00:35:05.103] [info]  Nothing to refresh
[2022-06-19 00:40:00.006] [info]  Deleting read articles
[2022-06-19 00:40:00.016] [info]  Processing 42 feeds
[2022-06-19 00:40:05.826] [info]  Refreshing feeds
[2022-06-19 00:45:00.002] [info]  Processing 42 feeds
[2022-06-19 00:45:00.008] [info]  Deleting read articles
[2022-06-19 00:45:01.933] [info]  Refreshing feeds
[2022-06-19 00:50:00.003] [info]  Deleting read articles
[2022-06-19 00:50:00.013] [info]  Processing 42 feeds
[2022-06-19 00:50:02.756] [info]  Refreshing feeds
[2022-06-19 00:55:00.003] [info]  Processing 42 feeds
[2022-06-19 00:55:00.011] [info]  Deleting read articles
[2022-06-19 00:55:02.675] [info]  Refreshing feeds
[2022-06-19 01:00:00.008] [info]  Deleting read articles
[2022-06-19 01:00:00.018] [info]  Processing 42 feeds
[2022-06-19 01:00:02.330] [info]  Refreshing feeds
[2022-06-19 01:05:00.002] [info]  Processing 42 feeds
[2022-06-19 01:05:00.016] [info]  Deleting read articles
[2022-06-19 01:05:01.768] [info]  Refreshing feeds
[2022-06-19 01:10:00.003] [info]  Deleting read articles
[2022-06-19 01:10:00.012] [info]  Processing 42 feeds
[2022-06-19 01:10:05.629] [info]  Refreshing feeds
[2022-06-19 01:15:00.001] [info]  Processing 42 feeds
[2022-06-19 01:15:00.008] [info]  Deleting read articles
[2022-06-19 01:15:01.797] [info]  Refreshing feeds
[2022-06-19 01:20:00.006] [info]  Deleting read articles
[2022-06-19 01:20:00.015] [info]  Processing 42 feeds
[2022-06-19 01:20:01.846] [info]  Refreshing feeds
[2022-06-19 01:25:00.002] [info]  Processing 42 feeds
[2022-06-19 01:25:00.009] [info]  Deleting read articles
[2022-06-19 01:25:04.967] [info]  Refreshing feeds
[2022-06-19 01:30:00.002] [info]  Deleting read articles
[2022-06-19 01:30:00.012] [info]  Processing 42 feeds
[2022-06-19 01:30:01.954] [info]  Refreshing feeds
[2022-06-19 01:35:00.001] [info]  Processing 42 feeds
[2022-06-19 01:35:00.008] [info]  Deleting read articles
[2022-06-19 01:35:01.768] [info]  Refreshing feeds
[2022-06-19 01:40:00.007] [info]  Deleting read articles
[2022-06-19 01:40:00.016] [info]  Processing 42 feeds
[2022-06-19 01:40:01.802] [info]  Refreshing feeds
[2022-06-19 01:45:00.001] [info]  Processing 42 feeds
[2022-06-19 01:45:00.010] [info]  Deleting read articles
[2022-06-19 01:45:01.780] [info]  Refreshing feeds
[2022-06-19 01:50:00.002] [info]  Deleting read articles
[2022-06-19 01:50:00.012] [info]  Processing 42 feeds
[2022-06-19 01:50:01.948] [info]  Refreshing feeds
[2022-06-19 01:55:00.003] [info]  Processing 42 feeds
[2022-06-19 01:55:00.012] [info]  Deleting read articles
[2022-06-19 01:55:02.346] [info]  Refreshing feeds
[2022-06-19 02:00:00.006] [info]  Deleting read articles
[2022-06-19 02:00:00.016] [info]  Processing 42 feeds
[2022-06-19 02:00:03.416] [info]  Refreshing feeds
[2022-06-19 02:05:00.003] [info]  Processing 42 feeds
[2022-06-19 02:05:00.009] [info]  Deleting read articles
[2022-06-19 02:05:02.455] [info]  Refreshing feeds
[2022-06-19 02:10:00.003] [info]  Deleting read articles
[2022-06-19 02:10:00.013] [info]  Processing 42 feeds
[2022-06-19 02:10:06.347] [info]  Refreshing feeds
[2022-06-19 02:15:00.003] [info]  Processing 42 feeds
[2022-06-19 02:15:00.011] [info]  Deleting read articles
[2022-06-19 02:15:01.736] [info]  Refreshing feeds
[2022-06-19 02:20:00.008] [info]  Deleting read articles
[2022-06-19 02:20:00.022] [info]  Processing 42 feeds
[2022-06-19 02:20:03.152] [info]  Refreshing feeds
[2022-06-19 02:25:00.001] [info]  Processing 42 feeds
[2022-06-19 02:25:00.011] [info]  Deleting read articles
[2022-06-19 02:25:03.117] [info]  Refreshing feeds
[2022-06-19 02:30:00.002] [info]  Deleting read articles
[2022-06-19 02:30:00.014] [info]  Processing 42 feeds
[2022-06-19 02:30:01.906] [info]  Refreshing feeds
[2022-06-19 02:35:00.002] [info]  Processing 42 feeds
[2022-06-19 02:35:00.009] [info]  Deleting read articles
[2022-06-19 02:35:05.770] [info]  Refreshing feeds
[2022-06-19 02:40:00.008] [info]  Deleting read articles
[2022-06-19 02:40:00.018] [info]  Processing 42 feeds
[2022-06-19 02:40:04.024] [info]  Refreshing feeds
[2022-06-19 02:45:00.003] [info]  Processing 42 feeds
[2022-06-19 02:45:00.019] [info]  Deleting read articles
[2022-06-19 02:45:01.893] [info]  Refreshing feeds
[2022-06-19 02:50:00.004] [info]  Deleting read articles
[2022-06-19 02:50:00.025] [info]  Processing 42 feeds
[2022-06-19 02:50:06.470] [info]  Refreshing feeds
[2022-06-19 02:55:00.002] [info]  Processing 42 feeds
[2022-06-19 02:55:00.017] [info]  Deleting read articles
[2022-06-19 02:55:01.883] [info]  Refreshing feeds
[2022-06-19 03:00:00.007] [info]  Deleting read articles
[2022-06-19 03:00:00.017] [info]  Processing 42 feeds
[2022-06-19 03:00:02.186] [info]  Refreshing feeds
[2022-06-19 03:05:00.001] [info]  Processing 42 feeds
[2022-06-19 03:05:00.008] [info]  Deleting read articles
[2022-06-19 03:05:01.741] [info]  Refreshing feeds
[2022-06-19 03:05:01.742] [info]  Nothing to refresh
[2022-06-19 03:10:00.005] [info]  Deleting read articles
[2022-06-19 03:10:00.019] [info]  Processing 42 feeds
[2022-06-19 03:10:05.589] [info]  Refreshing feeds
[2022-06-19 03:15:00.002] [info]  Processing 42 feeds
[2022-06-19 03:15:00.017] [info]  Deleting read articles
[2022-06-19 03:15:02.487] [info]  Refreshing feeds
[2022-06-19 03:20:00.007] [info]  Deleting read articles
[2022-06-19 03:20:00.016] [info]  Processing 42 feeds
[2022-06-19 03:20:01.795] [info]  Refreshing feeds
[2022-06-19 03:25:00.003] [info]  Processing 42 feeds
[2022-06-19 03:25:00.011] [info]  Deleting read articles
[2022-06-19 03:25:05.924] [info]  Refreshing feeds
[2022-06-19 03:30:00.003] [info]  Deleting read articles
[2022-06-19 03:30:00.012] [info]  Processing 42 feeds
[2022-06-19 03:30:02.684] [info]  Refreshing feeds
[2022-06-19 03:35:00.002] [info]  Processing 42 feeds
[2022-06-19 03:35:00.009] [info]  Deleting read articles
[2022-06-19 03:35:02.372] [info]  Refreshing feeds
[2022-06-19 03:40:00.006] [info]  Deleting read articles
[2022-06-19 03:40:00.016] [info]  Processing 42 feeds
[2022-06-19 03:40:02.296] [info]  Refreshing feeds
[2022-06-19 03:45:00.004] [info]  Processing 42 feeds
[2022-06-19 03:45:00.013] [info]  Deleting read articles
[2022-06-19 03:45:01.861] [info]  Refreshing feeds
[2022-06-19 03:50:00.003] [info]  Deleting read articles
[2022-06-19 03:50:00.013] [info]  Processing 42 feeds
[2022-06-19 03:50:05.244] [info]  Refreshing feeds
[2022-06-19 03:55:00.003] [info]  Processing 42 feeds
[2022-06-19 03:55:00.009] [info]  Deleting read articles
[2022-06-19 03:55:01.717] [info]  Refreshing feeds
[2022-06-19 04:00:00.008] [info]  Deleting read articles
[2022-06-19 04:00:00.018] [info]  Processing 42 feeds
[2022-06-19 04:00:02.388] [info]  Refreshing feeds
[2022-06-19 04:05:00.003] [info]  Processing 42 feeds
[2022-06-19 04:05:00.012] [info]  Deleting read articles
[2022-06-19 04:05:02.609] [info]  Refreshing feeds
[2022-06-19 04:10:00.003] [info]  Deleting read articles
[2022-06-19 04:10:00.007] [info]  Processing 42 feeds
[2022-06-19 04:10:01.791] [info]  Refreshing feeds
[2022-06-19 04:15:00.002] [info]  Processing 42 feeds
[2022-06-19 04:15:00.012] [info]  Deleting read articles
[2022-06-19 04:15:05.276] [info]  Refreshing feeds
[2022-06-19 04:20:00.006] [info]  Deleting read articles
[2022-06-19 04:20:00.015] [info]  Processing 42 feeds
[2022-06-19 04:20:01.851] [info]  Refreshing feeds
[2022-06-19 04:25:00.002] [info]  Processing 42 feeds
[2022-06-19 04:25:00.009] [info]  Deleting read articles
[2022-06-19 04:25:02.184] [info]  Refreshing feeds
[2022-06-19 04:30:00.003] [info]  Deleting read articles
[2022-06-19 04:30:00.012] [info]  Processing 42 feeds
[2022-06-19 04:30:05.202] [info]  Refreshing feeds
[2022-06-19 04:35:00.005] [info]  Processing 42 feeds
[2022-06-19 04:35:00.028] [info]  Deleting read articles
[2022-06-19 04:35:02.280] [info]  Refreshing feeds
[2022-06-19 04:40:00.006] [info]  Deleting read articles
[2022-06-19 04:40:00.010] [info]  Processing 42 feeds
[2022-06-19 04:40:02.148] [info]  Refreshing feeds
[2022-06-19 04:45:00.002] [info]  Processing 42 feeds
[2022-06-19 04:45:00.011] [info]  Deleting read articles
[2022-06-19 04:45:05.322] [info]  Refreshing feeds
[2022-06-19 04:50:00.002] [info]  Deleting read articles
[2022-06-19 04:50:00.008] [info]  Processing 42 feeds
[2022-06-19 04:50:02.037] [info]  Refreshing feeds
[2022-06-19 04:55:00.004] [info]  Processing 42 feeds
[2022-06-19 04:55:00.015] [info]  Deleting read articles
[2022-06-19 04:55:02.972] [info]  Refreshing feeds
[2022-06-19 05:00:00.006] [info]  Deleting read articles
[2022-06-19 05:00:00.010] [info]  Processing 42 feeds
[2022-06-19 05:00:06.274] [info]  Refreshing feeds
[2022-06-19 05:00:06.275] [info]  Nothing to refresh
[2022-06-19 05:05:00.005] [info]  Processing 42 feeds
[2022-06-19 05:05:00.025] [info]  Deleting read articles
[2022-06-19 05:05:02.857] [info]  Refreshing feeds
[2022-06-19 05:10:00.001] [info]  Deleting read articles
[2022-06-19 05:10:00.006] [info]  Processing 42 feeds
[2022-06-19 05:10:02.198] [info]  Refreshing feeds
[2022-06-19 05:15:00.004] [info]  Processing 42 feeds
[2022-06-19 05:15:00.024] [info]  Deleting read articles
[2022-06-19 05:15:02.004] [info]  Refreshing feeds
[2022-06-19 05:20:00.006] [info]  Deleting read articles
[2022-06-19 05:20:00.010] [info]  Processing 42 feeds
[2022-06-19 05:20:01.706] [info]  Refreshing feeds
[2022-06-19 05:25:00.004] [info]  Processing 42 feeds
[2022-06-19 05:25:00.020] [info]  Deleting read articles
[2022-06-19 05:25:02.272] [info]  Refreshing feeds
[2022-06-19 05:30:00.003] [info]  Deleting read articles
[2022-06-19 05:30:00.009] [info]  Processing 42 feeds
[2022-06-19 05:30:02.244] [info]  Refreshing feeds
[2022-06-19 05:35:00.002] [info]  Processing 42 feeds
[2022-06-19 05:35:00.012] [info]  Deleting read articles
[2022-06-19 05:35:02.091] [info]  Refreshing feeds
[2022-06-19 05:40:00.006] [info]  Deleting read articles
[2022-06-19 05:40:00.016] [info]  Processing 42 feeds
[2022-06-19 05:40:02.187] [info]  Refreshing feeds
[2022-06-19 05:45:00.004] [info]  Processing 42 feeds
[2022-06-19 05:45:00.018] [info]  Deleting read articles
[2022-06-19 05:45:05.644] [info]  Refreshing feeds
[2022-06-19 05:50:00.002] [info]  Deleting read articles
[2022-06-19 05:50:00.012] [info]  Processing 42 feeds
[2022-06-19 05:50:02.076] [info]  Refreshing feeds
[2022-06-19 05:55:00.003] [info]  Processing 42 feeds
[2022-06-19 05:55:00.013] [info]  Deleting read articles
[2022-06-19 05:55:02.536] [info]  Refreshing feeds
[2022-06-19 06:00:00.006] [info]  Deleting read articles
[2022-06-19 06:00:00.010] [info]  Processing 42 feeds
[2022-06-19 06:00:05.787] [info]  Refreshing feeds
[2022-06-19 06:05:00.003] [info]  Processing 42 feeds
[2022-06-19 06:05:00.012] [info]  Deleting read articles
[2022-06-19 06:05:01.784] [info]  Refreshing feeds
[2022-06-19 06:10:00.003] [info]  Deleting read articles
[2022-06-19 06:10:00.012] [info]  Processing 42 feeds
[2022-06-19 06:10:01.933] [info]  Refreshing feeds
[2022-06-19 06:15:00.003] [info]  Processing 42 feeds
[2022-06-19 06:15:00.019] [info]  Deleting read articles
[2022-06-19 06:15:02.127] [info]  Refreshing feeds
[2022-06-19 06:20:00.007] [info]  Deleting read articles
[2022-06-19 06:20:00.017] [info]  Processing 42 feeds
[2022-06-19 06:20:02.448] [info]  Refreshing feeds
[2022-06-19 06:25:00.003] [info]  Processing 42 feeds
[2022-06-19 06:25:00.012] [info]  Deleting read articles
[2022-06-19 06:25:05.838] [info]  Refreshing feeds
[2022-06-19 06:30:00.002] [info]  Deleting read articles
[2022-06-19 06:30:00.006] [info]  Processing 42 feeds
[2022-06-19 06:30:02.342] [info]  Refreshing feeds
[2022-06-19 06:35:00.003] [info]  Processing 42 feeds
[2022-06-19 06:35:00.013] [info]  Deleting read articles
[2022-06-19 06:35:05.615] [info]  Refreshing feeds
[2022-06-19 06:40:00.007] [info]  Deleting read articles
[2022-06-19 06:40:00.011] [info]  Processing 42 feeds
[2022-06-19 06:40:02.279] [info]  Refreshing feeds
[2022-06-19 06:45:00.003] [info]  Processing 42 feeds
[2022-06-19 06:45:00.012] [info]  Deleting read articles
[2022-06-19 06:45:02.124] [info]  Refreshing feeds
[2022-06-19 06:50:00.002] [info]  Deleting read articles
[2022-06-19 06:50:00.005] [info]  Processing 42 feeds
[2022-06-19 06:50:05.124] [info]  Refreshing feeds
[2022-06-19 06:55:00.002] [info]  Processing 42 feeds
[2022-06-19 06:55:00.012] [info]  Deleting read articles
[2022-06-19 06:55:02.005] [info]  Refreshing feeds
[2022-06-19 07:00:00.006] [info]  Deleting read articles
[2022-06-19 07:00:00.012] [info]  Processing 42 feeds
[2022-06-19 07:00:02.015] [info]  Refreshing feeds
[2022-06-19 07:05:00.004] [info]  Processing 42 feeds
[2022-06-19 07:05:00.015] [info]  Deleting read articles
[2022-06-19 07:05:02.010] [info]  Refreshing feeds
[2022-06-19 07:10:00.003] [info]  Deleting read articles
[2022-06-19 07:10:00.014] [info]  Processing 42 feeds
[2022-06-19 07:10:02.274] [info]  Refreshing feeds
[2022-06-19 07:15:00.001] [info]  Processing 42 feeds
[2022-06-19 07:15:00.010] [info]  Deleting read articles
[2022-06-19 07:15:05.055] [info]  Refreshing feeds
[2022-06-19 07:20:00.006] [info]  Deleting read articles
[2022-06-19 07:20:00.019] [info]  Processing 42 feeds
[2022-06-19 07:20:02.063] [info]  Refreshing feeds
[2022-06-19 07:25:00.003] [info]  Processing 42 feeds
[2022-06-19 07:25:00.012] [info]  Deleting read articles
[2022-06-19 07:25:05.297] [info]  Refreshing feeds
[2022-06-19 07:30:00.002] [info]  Deleting read articles
[2022-06-19 07:30:00.005] [info]  Processing 42 feeds
[2022-06-19 07:30:02.014] [info]  Refreshing feeds
[2022-06-19 07:35:00.004] [info]  Processing 42 feeds
[2022-06-19 07:35:00.023] [info]  Deleting read articles
[2022-06-19 07:35:02.506] [info]  Refreshing feeds
[2022-06-19 07:40:00.006] [info]  Deleting read articles
[2022-06-19 07:40:00.016] [info]  Processing 42 feeds
[2022-06-19 07:40:04.998] [info]  Refreshing feeds
[2022-06-19 07:45:00.002] [info]  Processing 42 feeds
[2022-06-19 07:45:00.008] [info]  Deleting read articles
[2022-06-19 07:45:01.860] [info]  Refreshing feeds
[2022-06-19 07:50:00.005] [info]  Deleting read articles
[2022-06-19 07:50:00.023] [info]  Processing 42 feeds
[2022-06-19 07:50:02.302] [info]  Refreshing feeds
[2022-06-19 07:55:00.003] [info]  Processing 42 feeds
[2022-06-19 07:55:00.018] [info]  Deleting read articles
[2022-06-19 07:55:02.146] [info]  Refreshing feeds
[2022-06-19 08:00:00.007] [info]  Deleting read articles
[2022-06-19 08:00:00.017] [info]  Processing 42 feeds
[2022-06-19 08:00:02.027] [info]  Refreshing feeds
[2022-06-19 08:05:00.003] [info]  Processing 42 feeds
[2022-06-19 08:05:00.020] [info]  Deleting read articles
[2022-06-19 08:05:01.901] [info]  Refreshing feeds
[2022-06-19 08:10:00.002] [info]  Deleting read articles
[2022-06-19 08:10:00.012] [info]  Processing 42 feeds
[2022-06-19 08:10:03.119] [info]  Refreshing feeds
[2022-06-19 08:15:00.003] [info]  Processing 42 feeds
[2022-06-19 08:15:00.017] [info]  Deleting read articles
[2022-06-19 08:15:06.381] [info]  Refreshing feeds
[2022-06-19 08:20:00.007] [info]  Deleting read articles
[2022-06-19 08:20:00.012] [info]  Processing 42 feeds
[2022-06-19 08:20:01.882] [info]  Refreshing feeds
[2022-06-19 08:25:00.004] [info]  Processing 42 feeds
[2022-06-19 08:25:00.014] [info]  Deleting read articles
[2022-06-19 08:25:02.153] [info]  Refreshing feeds
[2022-06-19 08:30:00.002] [info]  Deleting read articles
[2022-06-19 08:30:00.009] [info]  Processing 42 feeds
[2022-06-19 08:30:01.969] [info]  Refreshing feeds
[2022-06-19 08:35:00.003] [info]  Processing 42 feeds
[2022-06-19 08:35:00.012] [info]  Deleting read articles
[2022-06-19 08:35:01.761] [info]  Refreshing feeds
[2022-06-19 08:40:00.006] [info]  Deleting read articles
[2022-06-19 08:40:00.011] [info]  Processing 42 feeds
[2022-06-19 08:40:02.018] [info]  Refreshing feeds
[2022-06-19 08:45:00.002] [info]  Processing 42 feeds
[2022-06-19 08:45:00.011] [info]  Deleting read articles
[2022-06-19 08:45:02.003] [info]  Refreshing feeds
[2022-06-19 08:50:00.003] [info]  Deleting read articles
[2022-06-19 08:50:00.014] [info]  Processing 42 feeds
[2022-06-19 08:50:04.883] [info]  Refreshing feeds
[2022-06-19 08:55:00.003] [info]  Processing 42 feeds
[2022-06-19 08:55:00.013] [info]  Deleting read articles
[2022-06-19 08:55:02.233] [info]  Refreshing feeds
[2022-06-19 09:00:00.007] [info]  Deleting read articles
[2022-06-19 09:00:00.017] [info]  Processing 42 feeds
[2022-06-19 09:00:02.475] [info]  Refreshing feeds
[2022-06-19 09:05:00.002] [info]  Processing 42 feeds
[2022-06-19 09:05:00.010] [info]  Deleting read articles
[2022-06-19 09:05:05.366] [info]  Refreshing feeds
[2022-06-19 09:10:00.004] [info]  Deleting read articles
[2022-06-19 09:10:00.014] [info]  Processing 42 feeds
[2022-06-19 09:10:02.188] [info]  Refreshing feeds
[2022-06-19 09:15:00.001] [info]  Processing 42 feeds
[2022-06-19 09:15:00.010] [info]  Deleting read articles
[2022-06-19 09:15:02.073] [info]  Refreshing feeds
[2022-06-19 09:20:00.007] [info]  Deleting read articles
[2022-06-19 09:20:00.017] [info]  Processing 42 feeds
[2022-06-19 09:20:05.936] [info]  Refreshing feeds
[2022-06-19 09:25:00.002] [info]  Processing 42 feeds
[2022-06-19 09:25:00.012] [info]  Deleting read articles
[2022-06-19 09:25:02.114] [info]  Refreshing feeds
[2022-06-19 09:30:00.001] [info]  Deleting read articles
[2022-06-19 09:30:00.009] [info]  Processing 42 feeds
[2022-06-19 09:30:02.296] [info]  Refreshing feeds
[2022-06-19 09:35:00.003] [info]  Processing 42 feeds
[2022-06-19 09:35:00.012] [info]  Deleting read articles
[2022-06-19 09:35:01.983] [info]  Refreshing feeds
[2022-06-19 09:40:00.006] [info]  Deleting read articles
[2022-06-19 09:40:00.010] [info]  Processing 42 feeds
[2022-06-19 09:40:02.372] [info]  Refreshing feeds
[2022-06-19 09:45:00.002] [info]  Processing 42 feeds
[2022-06-19 09:45:00.012] [info]  Deleting read articles
[2022-06-19 09:45:04.963] [info]  Refreshing feeds
[2022-06-19 09:50:00.005] [info]  Deleting read articles
[2022-06-19 09:50:00.026] [info]  Processing 42 feeds
[2022-06-19 09:50:02.968] [info]  Refreshing feeds
[2022-06-19 09:55:00.003] [info]  Processing 42 feeds
[2022-06-19 09:55:00.013] [info]  Deleting read articles
[2022-06-19 09:55:01.970] [info]  Refreshing feeds
[2022-06-19 10:00:00.006] [info]  Deleting read articles
[2022-06-19 10:00:00.016] [info]  Processing 42 feeds
[2022-06-19 10:00:03.279] [info]  Refreshing feeds
[2022-06-19 10:00:03.279] [info]  Nothing to refresh
[2022-06-19 10:05:00.002] [info]  Processing 42 feeds
[2022-06-19 10:05:00.012] [info]  Deleting read articles
[2022-06-19 10:05:03.769] [info]  Refreshing feeds
[2022-06-19 10:10:00.001] [info]  Deleting read articles
[2022-06-19 10:10:00.005] [info]  Processing 42 feeds
[2022-06-19 10:10:05.302] [info]  Refreshing feeds
[2022-06-19 10:15:00.002] [info]  Processing 42 feeds
[2022-06-19 10:15:00.012] [info]  Deleting read articles
[2022-06-19 10:15:05.246] [info]  Refreshing feeds
[2022-06-19 10:20:00.006] [info]  Deleting read articles
[2022-06-19 10:20:00.010] [info]  Processing 42 feeds
[2022-06-19 10:20:02.831] [info]  Refreshing feeds
[2022-06-19 10:25:00.004] [info]  Processing 42 feeds
[2022-06-19 10:25:00.019] [info]  Deleting read articles
[2022-06-19 10:25:01.814] [info]  Refreshing feeds
[2022-06-19 10:30:00.002] [info]  Deleting read articles
[2022-06-19 10:30:00.008] [info]  Processing 42 feeds
[2022-06-19 10:30:01.766] [info]  Refreshing feeds
[2022-06-19 10:35:00.008] [info]  Processing 42 feeds
[2022-06-19 10:35:00.027] [info]  Deleting read articles
[2022-06-19 10:35:05.720] [info]  Refreshing feeds
[2022-06-19 10:35:45.644] [info]  Processing 42 feeds
[2022-06-19 10:35:48.386] [info]  Refreshing feeds
[2022-06-19 10:35:48.387] [info]  Nothing to refresh
[2022-06-19 10:36:07.336] [info]  Processing 42 feeds
[2022-06-19 10:36:09.118] [info]  Refreshing feeds
[2022-06-19 10:36:09.119] [info]  Nothing to refresh
[2022-06-19 10:40:00.009] [info]  Deleting read articles
[2022-06-19 10:40:00.015] [info]  Processing 42 feeds
[2022-06-19 10:40:02.288] [info]  Refreshing feeds
[2022-06-19 10:45:00.003] [info]  Processing 42 feeds
[2022-06-19 10:45:00.016] [info]  Deleting read articles
[2022-06-19 10:45:02.035] [info]  Refreshing feeds
[2022-06-19 10:45:02.036] [info]  Nothing to refresh
[2022-06-19 10:50:00.003] [info]  Deleting read articles
[2022-06-19 10:50:00.019] [info]  Processing 42 feeds
[2022-06-19 10:50:05.283] [info]  Refreshing feeds
[2022-06-19 10:55:00.005] [info]  Processing 42 feeds
[2022-06-19 10:55:00.021] [info]  Deleting read articles
[2022-06-19 10:55:06.275] [info]  Refreshing feeds
[2022-06-19 11:00:00.006] [info]  Deleting read articles
[2022-06-19 11:00:00.010] [info]  Processing 42 feeds
[2022-06-19 11:00:02.868] [info]  Refreshing feeds
[2022-06-19 11:05:00.006] [info]  Processing 42 feeds
[2022-06-19 11:05:00.028] [info]  Deleting read articles
[2022-06-19 11:05:05.363] [info]  Refreshing feeds
[2022-06-19 11:10:00.005] [info]  Deleting read articles
[2022-06-19 11:10:00.035] [info]  Processing 42 feeds
[2022-06-19 11:10:03.395] [info]  Refreshing feeds
[2022-06-19 11:15:00.003] [info]  Processing 42 feeds
[2022-06-19 11:15:00.019] [info]  Deleting read articles
[2022-06-19 11:15:03.406] [info]  Refreshing feeds
[2022-06-19 11:20:00.008] [info]  Deleting read articles
[2022-06-19 11:20:00.027] [info]  Processing 42 feeds
[2022-06-19 11:20:06.392] [info]  Refreshing feeds
[2022-06-19 11:25:00.004] [info]  Processing 42 feeds
[2022-06-19 11:25:00.024] [info]  Deleting read articles
[2022-06-19 11:25:03.403] [info]  Refreshing feeds
[2022-06-19 11:30:00.003] [info]  Deleting read articles
[2022-06-19 11:30:00.021] [info]  Processing 42 feeds
[2022-06-19 11:30:03.180] [info]  Refreshing feeds
[2022-06-19 11:30:03.181] [info]  Nothing to refresh
[2022-06-19 11:35:00.007] [info]  Processing 42 feeds
[2022-06-19 11:35:00.023] [info]  Deleting read articles
[2022-06-19 11:35:06.111] [info]  Refreshing feeds
[2022-06-19 11:40:00.011] [info]  Deleting read articles
[2022-06-19 11:40:00.030] [info]  Processing 42 feeds
[2022-06-19 11:40:02.424] [info]  Refreshing feeds
[2022-06-19 11:45:00.022] [info]  Processing 42 feeds
[2022-06-19 11:45:00.056] [info]  Deleting read articles
[2022-06-19 11:45:06.000] [info]  Refreshing feeds
[2022-06-19 11:50:00.002] [info]  Deleting read articles
[2022-06-19 11:50:00.009] [info]  Processing 42 feeds
[2022-06-19 11:50:06.180] [info]  Refreshing feeds
[2022-06-19 11:55:00.021] [info]  Processing 42 feeds
[2022-06-19 11:55:00.061] [info]  Deleting read articles
[2022-06-19 11:55:03.956] [info]  Refreshing feeds
