[2022-08-26T10:18:18.918Z] Log level: Info
[2022-08-26T10:18:18.924Z] [info] Validating found git in: git
[2022-08-26T10:18:18.997Z] [info] Using git 2.37.2 from git
[2022-08-26T10:18:19.085Z] > git rev-parse --show-toplevel [20ms]
[2022-08-26T10:18:19.117Z] > git rev-parse --git-dir --git-common-dir [2ms]
[2022-08-26T10:18:19.121Z] [info] Open repository: /home/shatterstone/Documents/fetch
[2022-08-26T10:18:19.159Z] > git status -z -uall [25ms]
[2022-08-26T10:18:19.171Z] > git symbolic-ref --short HEAD [2ms]
[2022-08-26T10:18:19.177Z] > git rev-parse --show-toplevel [37ms]
[2022-08-26T10:18:19.177Z] fatal: not a git repository (or any of the parent directories): .git
[2022-08-26T10:18:19.229Z] > git for-each-ref --format=%(refname)%00%(upstream:short)%00%(objectname)%00%(upstream:track)%00%(upstream:remotename)%00%(upstream:remoteref) refs/heads/main refs/remotes/main [51ms]
[2022-08-26T10:18:19.301Z] > git remote --verbose [11ms]
[2022-08-26T10:18:19.303Z] > git for-each-ref --sort -committerdate --format %(refname) %(objectname) %(*objectname) [48ms]
[2022-08-26T10:18:19.374Z] > git config --get commit.template [16ms]
[2022-08-26T10:18:19.406Z] > git status -z -uall [2ms]
[2022-08-26T10:18:19.412Z] > git symbolic-ref --short HEAD [1ms]
[2022-08-26T10:18:19.420Z] > git for-each-ref --format=%(refname)%00%(upstream:short)%00%(objectname)%00%(upstream:track)%00%(upstream:remotename)%00%(upstream:remoteref) refs/heads/main refs/remotes/main [0ms]
[2022-08-26T10:18:19.436Z] > git for-each-ref --sort -committerdate --format %(refname) %(objectname) %(*objectname) [9ms]
[2022-08-26T10:18:19.436Z] > git remote --verbose [1ms]
[2022-08-26T10:18:19.443Z] > git config --get commit.template [1ms]
[2022-08-26T10:18:19.657Z] > git check-ignore -v -z --stdin [2ms]
