[2022-06-15T09:28:51.127Z] Log level: Info
[2022-06-15T09:28:51.128Z] [info] Validating found git in: git
[2022-06-15T09:28:51.160Z] [info] Using git 2.36.1 from git
[2022-06-15T09:28:51.176Z] > git rev-parse --show-toplevel [3ms]
[2022-06-15T09:28:51.176Z] fatal: not a git repository (or any of the parent directories): .git
[2022-06-15T09:29:26.951Z] > git rev-parse --show-toplevel [18ms]
[2022-06-15T09:29:26.966Z] > git rev-parse --git-dir --git-common-dir [3ms]
[2022-06-15T09:29:26.984Z] [info] Open repository: /home/shatterstone/Documents/TheCaveman
[2022-06-15T09:29:27.013Z] > git status -z -uall [4ms]
[2022-06-15T09:29:27.031Z] > git symbolic-ref --short HEAD [2ms]
[2022-06-15T09:29:27.058Z] > git for-each-ref --format=%(refname)%00%(upstream:short)%00%(objectname)%00%(upstream:track)%00%(upstream:remotename)%00%(upstream:remoteref) refs/heads/main refs/remotes/main [9ms]
[2022-06-15T09:29:27.098Z] > git remote --verbose [9ms]
[2022-06-15T09:29:27.099Z] > git for-each-ref --sort -committerdate --format %(refname) %(objectname) %(*objectname) [21ms]
[2022-06-15T09:29:27.146Z] > git config --get commit.template [12ms]
[2022-06-15T09:29:27.455Z] > git show --textconv :main.py [13ms]
[2022-06-15T09:29:27.456Z] > git ls-files --stage -- /home/shatterstone/Documents/TheCaveman/main.py [2ms]
[2022-06-15T09:29:27.466Z] > git cat-file -s 58f9451e9c3122d7d61070c581590ae7aa8b78c1 [0ms]
[2022-06-15T09:29:27.603Z] > git check-ignore -v -z --stdin [1ms]
[2022-06-15T09:29:47.974Z] > git show --textconv :main.py [12ms]
[2022-06-15T09:29:47.975Z] > git ls-files --stage -- /home/shatterstone/Documents/TheCaveman/main.py [2ms]
[2022-06-15T09:29:47.987Z] > git cat-file -s 58f9451e9c3122d7d61070c581590ae7aa8b78c1 [2ms]
[2022-06-15T09:30:00.412Z] > git show --textconv :main.py [11ms]
[2022-06-15T09:30:00.413Z] > git ls-files --stage -- /home/shatterstone/Documents/TheCaveman/main.py [2ms]
[2022-06-15T09:30:00.424Z] > git cat-file -s 58f9451e9c3122d7d61070c581590ae7aa8b78c1 [2ms]
[2022-06-15T09:30:11.164Z] > git show --textconv :main.py [10ms]
[2022-06-15T09:30:11.165Z] > git ls-files --stage -- /home/shatterstone/Documents/TheCaveman/main.py [2ms]
[2022-06-15T09:30:11.173Z] > git cat-file -s 58f9451e9c3122d7d61070c581590ae7aa8b78c1 [0ms]
[2022-06-15T09:30:21.005Z] > git show --textconv :main.py [11ms]
[2022-06-15T09:30:21.007Z] > git ls-files --stage -- /home/shatterstone/Documents/TheCaveman/main.py [3ms]
[2022-06-15T09:30:21.017Z] > git cat-file -s 58f9451e9c3122d7d61070c581590ae7aa8b78c1 [2ms]
[2022-06-15T09:30:47.639Z] > git show --textconv :main.py [13ms]
[2022-06-15T09:30:47.641Z] > git ls-files --stage -- /home/shatterstone/Documents/TheCaveman/main.py [2ms]
[2022-06-15T09:30:47.654Z] > git cat-file -s 58f9451e9c3122d7d61070c581590ae7aa8b78c1 [2ms]
[2022-06-15T09:31:02.703Z] > git show --textconv :main.py [11ms]
[2022-06-15T09:31:02.704Z] > git ls-files --stage -- /home/shatterstone/Documents/TheCaveman/main.py [2ms]
[2022-06-15T09:31:02.715Z] > git cat-file -s 58f9451e9c3122d7d61070c581590ae7aa8b78c1 [2ms]
[2022-06-15T09:33:03.749Z] > git show --textconv :main.py [9ms]
[2022-06-15T09:33:03.750Z] > git ls-files --stage -- /home/shatterstone/Documents/TheCaveman/main.py [2ms]
[2022-06-15T09:33:03.765Z] > git cat-file -s 58f9451e9c3122d7d61070c581590ae7aa8b78c1 [2ms]
[2022-06-15T09:33:24.345Z] > git show --textconv :main.py [10ms]
[2022-06-15T09:33:24.346Z] > git ls-files --stage -- /home/shatterstone/Documents/TheCaveman/main.py [2ms]
[2022-06-15T09:33:24.356Z] > git cat-file -s 58f9451e9c3122d7d61070c581590ae7aa8b78c1 [2ms]
[2022-06-15T09:33:54.507Z] > git show --textconv :main.py [9ms]
[2022-06-15T09:33:54.508Z] > git ls-files --stage -- /home/shatterstone/Documents/TheCaveman/main.py [2ms]
[2022-06-15T09:33:54.519Z] > git cat-file -s 58f9451e9c3122d7d61070c581590ae7aa8b78c1 [2ms]
[2022-06-15T09:34:30.759Z] > git show --textconv :main.py [9ms]
[2022-06-15T09:34:30.761Z] > git ls-files --stage -- /home/shatterstone/Documents/TheCaveman/main.py [2ms]
[2022-06-15T09:34:30.770Z] > git cat-file -s 58f9451e9c3122d7d61070c581590ae7aa8b78c1 [1ms]
[2022-06-15T09:35:37.996Z] > git show --textconv :main.py [11ms]
[2022-06-15T09:35:37.997Z] > git ls-files --stage -- /home/shatterstone/Documents/TheCaveman/main.py [2ms]
[2022-06-15T09:35:38.008Z] > git cat-file -s 58f9451e9c3122d7d61070c581590ae7aa8b78c1 [1ms]
[2022-06-15T09:35:44.674Z] > git show --textconv :main.py [11ms]
[2022-06-15T09:35:44.675Z] > git ls-files --stage -- /home/shatterstone/Documents/TheCaveman/main.py [2ms]
[2022-06-15T09:35:44.684Z] > git cat-file -s 58f9451e9c3122d7d61070c581590ae7aa8b78c1 [1ms]
[2022-06-15T09:35:58.131Z] > git show --textconv :main.py [11ms]
[2022-06-15T09:35:58.133Z] > git ls-files --stage -- /home/shatterstone/Documents/TheCaveman/main.py [3ms]
[2022-06-15T09:35:58.144Z] > git cat-file -s 58f9451e9c3122d7d61070c581590ae7aa8b78c1 [1ms]
[2022-06-15T09:36:49.571Z] > git show --textconv :main.py [10ms]
[2022-06-15T09:36:49.572Z] > git ls-files --stage -- /home/shatterstone/Documents/TheCaveman/main.py [2ms]
[2022-06-15T09:36:49.584Z] > git cat-file -s 58f9451e9c3122d7d61070c581590ae7aa8b78c1 [3ms]
[2022-06-15T09:37:39.321Z] > git show --textconv :main.py [13ms]
[2022-06-15T09:37:39.324Z] > git ls-files --stage -- /home/shatterstone/Documents/TheCaveman/main.py [4ms]
[2022-06-15T09:37:39.340Z] > git cat-file -s 58f9451e9c3122d7d61070c581590ae7aa8b78c1 [2ms]
[2022-06-15T09:38:02.347Z] > git check-ignore -v -z --stdin [1ms]
[2022-06-15T09:38:25.556Z] > git rev-parse --show-toplevel [4ms]
[2022-06-15T09:38:25.556Z] fatal: not a git repository (or any of the parent directories): .git
[2022-06-15T09:39:14.276Z] > git status -z -uall [6ms]
[2022-06-15T09:39:14.289Z] > git symbolic-ref --short HEAD [0ms]
[2022-06-15T09:39:14.300Z] > git for-each-ref --format=%(refname)%00%(upstream:short)%00%(objectname)%00%(upstream:track)%00%(upstream:remotename)%00%(upstream:remoteref) refs/heads/main refs/remotes/main [1ms]
[2022-06-15T09:39:14.320Z] > git remote --verbose [2ms]
[2022-06-15T09:39:14.321Z] > git for-each-ref --sort -committerdate --format %(refname) %(objectname) %(*objectname) [12ms]
[2022-06-15T09:39:14.333Z] > git config --get commit.template [1ms]
[2022-06-15T09:39:21.811Z] > git status -z -uall [5ms]
[2022-06-15T09:39:21.824Z] > git symbolic-ref --short HEAD [2ms]
[2022-06-15T09:39:21.836Z] > git for-each-ref --format=%(refname)%00%(upstream:short)%00%(objectname)%00%(upstream:track)%00%(upstream:remotename)%00%(upstream:remoteref) refs/heads/main refs/remotes/main [3ms]
[2022-06-15T09:39:21.856Z] > git for-each-ref --sort -committerdate --format %(refname) %(objectname) %(*objectname) [11ms]
[2022-06-15T09:39:21.856Z] > git remote --verbose [1ms]
[2022-06-15T09:39:21.869Z] > git config --get commit.template [2ms]
