[Info  - 10:29:00] (79667) Pylance language server 2022.6.10 (pyright bbc42826) starting
[Info  - 10:29:00] (79667) Server root directory: /home/shatterstone/.vscode/extensions/ms-python.vscode-pylance-2022.6.10/dist
Notebook support: Legacy
[Info  - 10:29:00] (79667) No configuration file found.
[Info  - 10:29:00] (79667) No pyproject.toml file found.
[Info  - 10:29:00] (79667) Setting pythonPath for service "Dice Game Remastered": "/bin/python"
[Warn  - 10:29:00] (79667) stubPath /home/shatterstone/Documents/Dice Game Remastered/typings is not a valid directory.
[Info  - 10:29:00] (79667) Assuming Python version 3.10
[Info  - 10:29:00] (79667) Assuming Python platform Linux
[Info  - 10:29:00] (79667) Searching for source files
[Info  - 10:29:00] (79667) No source files found.
[Info  - 10:29:00] (79667) Background analysis(1) root directory: /home/shatterstone/.vscode/extensions/ms-python.vscode-pylance-2022.6.10/dist
[Info  - 10:29:00] (79667) Background analysis(1) started
[Info  - 10:29:01] (79667) Indexer background runner(2) root directory: /home/shatterstone/.vscode/extensions/ms-python.vscode-pylance-2022.6.10/dist (index)
[Info  - 10:29:01] (79667) Indexing(2) started
[Info  - 10:29:02] (79667) Indexer done(2). indexed 474 files
[Info  - 10:37:39] (79667) Searching for source files
[Info  - 10:37:39] (79667) Found 1 source file
[Info  - 10:39:02] (79667) Searching for source files
[Info  - 10:39:02] (79667) Found 1 source file
