[Info  - 10:19:59.538] Reading sessions from keychain...
[Info  - 10:19:59.587] Getting sessions for user:email...
[Info  - 10:19:59.588] Getting sessions for all scopes...
[Info  - 10:19:59.588] Got 0 sessions for user:email...
[Info  - 10:19:59.588] Got 0 sessions for ...
[Info  - 10:23:11.985] Getting sessions for read:user,repo,user:email,workflow...
[Info  - 10:23:11.985] Got 0 sessions for read:user,repo,user:email,workflow...
[Info  - 10:23:11.995] Getting sessions for read:user,repo,user:email...
[Info  - 10:23:11.995] Got 0 sessions for read:user,repo,user:email...
[Info  - 10:23:48.351] Getting sessions for read:user,repo,user:email,workflow...
[Info  - 10:23:48.352] Got 0 sessions for read:user,repo,user:email,workflow...
[Info  - 10:23:48.360] Getting sessions for read:user,repo,user:email...
[Info  - 10:23:48.360] Got 0 sessions for read:user,repo,user:email...
[Info  - 10:23:48.368] Getting sessions for read:user,repo,user:email,workflow...
[Info  - 10:23:48.368] Got 0 sessions for read:user,repo,user:email,workflow...
[Info  - 10:23:50.665] Logging in for the following scopes: read:user repo user:email workflow
[Info  - 10:23:50.690] Trying without local server... (read:user repo user:email workflow)
[Trace  - 10:24:07.750] Handling Uri...
[Info  - 10:24:07.751] Exchanging code for token...
[Info  - 10:24:08.272] Token exchange success!
[Info  - 10:24:08.273] Getting user info...
[Info  - 10:24:08.681] Got account info!
[Info  - 10:24:08.682] Storing 1 sessions...
[Info  - 10:24:08.714] Reading sessions from keychain...
[Info  - 10:24:08.714] Stored 1 sessions!
[Info  - 10:24:08.715] Login success!
[Trace  - 10:24:08.789] Token acquired from secret storage.
[Info  - 10:24:08.789] Got stored sessions!
[Trace  - 10:24:08.789] Read the following session from the keychain with the following scopes: read:user repo user:email workflow
[Info  - 10:24:08.789] Got 1 verified sessions.
[Info  - 10:24:08.790] Getting sessions for user:email...
[Info  - 10:24:08.791] Got 0 sessions for user:email...
[Info  - 10:28:38.621] Getting sessions for read:user,repo,user:email,workflow...
[Info  - 10:28:38.621] Got 1 sessions for read:user,repo,user:email,workflow...
[Info  - 10:28:40.682] Logging in for the following scopes: read:user repo user:email workflow
[Info  - 10:28:40.690] Trying without local server... (read:user repo user:email workflow)
[Error  - 10:29:40.763] Cancelled
[Info  - 10:29:43.682] Trying with local server... (read:user repo user:email workflow)
[Info  - 10:29:45.532] Exchanging code for token...
[Info  - 10:29:45.960] Token exchange success!
[Info  - 10:29:45.961] Getting user info...
[Info  - 10:29:46.705] Got account info!
[Info  - 10:29:46.706] Storing 1 sessions...
[Info  - 10:29:46.723] Reading sessions from keychain...
[Info  - 10:29:46.723] Stored 1 sessions!
[Info  - 10:29:46.723] Login success!
[Trace  - 10:29:46.768] Token acquired from secret storage.
[Info  - 10:29:46.768] Got stored sessions!
[Trace  - 10:29:46.768] Read the following session from the keychain with the following scopes: read:user repo user:email workflow
[Info  - 10:29:46.768] Got 1 verified sessions.
[Info  - 10:29:46.769] Getting sessions for user:email...
[Info  - 10:29:46.770] Got 0 sessions for user:email...
[Info  - 10:29:46.772] Getting sessions for read:user,repo,user:email,workflow...
[Info  - 10:29:46.773] Got 1 sessions for read:user,repo,user:email,workflow...
